[2018-12-22T19:39:19.606] [INFO] runtime - connection as id 130
[2018-12-22T19:42:43.594] [INFO] runtime - { methed: 'loginDao',
  path: 'C:\\Users\\www22\\Desktop\\project\\firstonce\\module\\userDao.js' }
[2018-12-22T19:42:49.904] [INFO] runtime - { methed: 'getListDao',
  path: 'C:\\Users\\www22\\Desktop\\project\\firstonce\\module\\userDao.js' }
[2018-12-22T19:43:18.742] [INFO] runtime - { methed: 'checkUserName',
  path: 'C:\\Users\\www22\\Desktop\\project\\firstonce\\module\\userDao.js' }
[2018-12-22T19:45:41.025] [INFO] runtime - { methed: 'getListDao',
  path: 'C:\\Users\\www22\\Desktop\\project\\firstonce\\module\\userDao.js' }
[2018-12-22T19:46:18.462] [INFO] runtime - { methed: 'getListDao',
  path: 'C:\\Users\\www22\\Desktop\\project\\firstonce\\module\\userDao.js' }
[2018-12-22T19:47:05.486] [INFO] runtime - { methed: 'getListDao',
  path: 'C:\\Users\\www22\\Desktop\\project\\firstonce\\module\\userDao.js' }
[2018-12-22T19:47:12.801] [INFO] runtime - { methed: 'getListDao',
  path: 'C:\\Users\\www22\\Desktop\\project\\firstonce\\module\\userDao.js' }
[2018-12-22T19:47:57.358] [INFO] runtime - { methed: 'getListDao',
  path: 'C:\\Users\\www22\\Desktop\\project\\firstonce\\module\\userDao.js' }
[2018-12-22T19:48:01.792] [INFO] runtime - { methed: 'getListDao',
  path: 'C:\\Users\\www22\\Desktop\\project\\firstonce\\module\\userDao.js' }
[2018-12-22T19:48:42.088] [INFO] runtime - { methed: 'getListDao',
  path: 'C:\\Users\\www22\\Desktop\\project\\firstonce\\module\\userDao.js' }
[2018-12-22T19:48:50.450] [INFO] runtime - { methed: 'getListDao',
  path: 'C:\\Users\\www22\\Desktop\\project\\firstonce\\module\\userDao.js' }
[2018-12-22T19:49:01.480] [INFO] runtime - { methed: 'getListDao',
  path: 'C:\\Users\\www22\\Desktop\\project\\firstonce\\module\\userDao.js' }
[2018-12-22T19:49:06.027] [INFO] runtime - { methed: 'checkUserName',
  path: 'C:\\Users\\www22\\Desktop\\project\\firstonce\\module\\userDao.js' }
[2018-12-22T19:50:09.420] [INFO] runtime - { methed: 'getListDao',
  path: 'C:\\Users\\www22\\Desktop\\project\\firstonce\\module\\userDao.js' }
[2018-12-22T19:50:11.264] [INFO] runtime - { methed: 'getListDao',
  path: 'C:\\Users\\www22\\Desktop\\project\\firstonce\\module\\userDao.js' }
[2018-12-22T19:51:31.032] [INFO] runtime - { methed: 'getListDao',
  path: 'C:\\Users\\www22\\Desktop\\project\\firstonce\\module\\userDao.js' }
[2018-12-22T19:51:45.471] [INFO] runtime - { methed: 'getListDao',
  path: 'C:\\Users\\www22\\Desktop\\project\\firstonce\\module\\userDao.js' }
[2018-12-22T19:52:43.514] [INFO] runtime - { methed: 'addUserDao',
  path: 'C:\\Users\\www22\\Desktop\\project\\firstonce\\module\\userDao.js' }
[2018-12-22T19:52:43.799] [INFO] runtime - { methed: 'getListDao',
  path: 'C:\\Users\\www22\\Desktop\\project\\firstonce\\module\\userDao.js' }
[2018-12-22T19:55:15.364] [INFO] runtime - { methed: 'getListDao',
  path: 'C:\\Users\\www22\\Desktop\\project\\firstonce\\module\\userDao.js' }
[2018-12-22T19:55:42.949] [INFO] runtime - { methed: 'getListDao',
  path: 'C:\\Users\\www22\\Desktop\\project\\firstonce\\module\\userDao.js' }
[2018-12-22T19:56:37.854] [INFO] runtime - { methed: 'getListDao',
  path: 'C:\\Users\\www22\\Desktop\\project\\firstonce\\module\\userDao.js' }
[2018-12-22T19:56:56.746] [INFO] runtime - { methed: 'getListDao',
  path: 'C:\\Users\\www22\\Desktop\\project\\firstonce\\module\\userDao.js' }
[2018-12-22T19:57:04.091] [INFO] runtime - { methed: 'getListDao',
  path: 'C:\\Users\\www22\\Desktop\\project\\firstonce\\module\\userDao.js' }
[2018-12-22T19:57:12.234] [INFO] runtime - { methed: 'getListDao',
  path: 'C:\\Users\\www22\\Desktop\\project\\firstonce\\module\\userDao.js' }
[2018-12-22T19:57:52.187] [INFO] runtime - { methed: 'getListDao',
  path: 'C:\\Users\\www22\\Desktop\\project\\firstonce\\module\\userDao.js' }
[2018-12-22T19:58:08.819] [INFO] runtime - { methed: 'getListDao',
  path: 'C:\\Users\\www22\\Desktop\\project\\firstonce\\module\\userDao.js' }
[2018-12-22T19:58:47.519] [INFO] runtime - { methed: 'getListDao',
  path: 'C:\\Users\\www22\\Desktop\\project\\firstonce\\module\\userDao.js' }
[2018-12-22T19:58:56.922] [INFO] runtime - { methed: 'getListDao',
  path: 'C:\\Users\\www22\\Desktop\\project\\firstonce\\module\\userDao.js' }
[2018-12-22T19:59:36.862] [INFO] runtime - { methed: 'getListDao',
  path: 'C:\\Users\\www22\\Desktop\\project\\firstonce\\module\\userDao.js' }
[2018-12-22T20:00:30.918] [INFO] runtime - { methed: 'checkUserName',
  path: 'C:\\Users\\www22\\Desktop\\project\\firstonce\\module\\userDao.js' }
[2018-12-22T20:00:31.015] [INFO] runtime - { methed: 'addUserDao',
  path: 'C:\\Users\\www22\\Desktop\\project\\firstonce\\module\\userDao.js' }
[2018-12-22T20:00:31.237] [INFO] runtime - { methed: 'getListDao',
  path: 'C:\\Users\\www22\\Desktop\\project\\firstonce\\module\\userDao.js' }
[2018-12-22T20:00:45.665] [INFO] runtime - { methed: 'addUserDao',
  path: 'C:\\Users\\www22\\Desktop\\project\\firstonce\\module\\userDao.js' }
[2018-12-22T20:00:46.013] [INFO] runtime - { methed: 'getListDao',
  path: 'C:\\Users\\www22\\Desktop\\project\\firstonce\\module\\userDao.js' }
[2018-12-22T20:02:31.365] [INFO] runtime - { methed: 'checkUserName',
  path: 'C:\\Users\\www22\\Desktop\\project\\firstonce\\module\\userDao.js' }
[2018-12-22T20:02:31.451] [INFO] runtime - { methed: 'addUserDao',
  path: 'C:\\Users\\www22\\Desktop\\project\\firstonce\\module\\userDao.js' }
[2018-12-22T20:02:31.621] [INFO] runtime - { methed: 'getListDao',
  path: 'C:\\Users\\www22\\Desktop\\project\\firstonce\\module\\userDao.js' }
[2018-12-22T20:06:33.050] [INFO] runtime - { methed: 'getListDao',
  path: 'C:\\Users\\www22\\Desktop\\project\\firstonce\\module\\userDao.js' }
[2018-12-22T20:07:11.404] [INFO] runtime - { methed: 'getListDao',
  path: 'C:\\Users\\www22\\Desktop\\project\\firstonce\\module\\userDao.js' }
[2018-12-22T20:07:24.605] [INFO] runtime - connection as id 132
[2018-12-22T20:07:35.469] [INFO] runtime - connection as id 133
[2018-12-22T20:07:50.122] [INFO] runtime - connection as id 134
[2018-12-22T20:07:54.788] [INFO] runtime - { methed: 'addUserDao',
  path: 'C:\\Users\\www22\\Desktop\\project\\firstonce\\module\\userDao.js' }
[2018-12-22T20:07:55.085] [INFO] runtime - { methed: 'getListDao',
  path: 'C:\\Users\\www22\\Desktop\\project\\firstonce\\module\\userDao.js' }
[2018-12-22T20:08:09.035] [INFO] runtime - { methed: 'checkUserName',
  path: 'C:\\Users\\www22\\Desktop\\project\\firstonce\\module\\userDao.js' }
[2018-12-22T20:08:14.415] [INFO] runtime - { methed: 'checkUserName',
  path: 'C:\\Users\\www22\\Desktop\\project\\firstonce\\module\\userDao.js' }
[2018-12-22T20:10:31.519] [INFO] runtime - { methed: 'getListDao',
  path: 'C:\\Users\\www22\\Desktop\\project\\firstonce\\module\\userDao.js' }
[2018-12-22T20:26:43.803] [INFO] runtime - connection as id 138
[2018-12-22T20:26:57.471] [INFO] runtime - { methed: 'checkUserName',
  path: 'C:\\Users\\www22\\Desktop\\project\\firstonce\\module\\userDao.js' }
[2018-12-22T20:26:57.562] [INFO] runtime - { methed: 'addUserDao',
  path: 'C:\\Users\\www22\\Desktop\\project\\firstonce\\module\\userDao.js' }
[2018-12-22T20:26:57.895] [INFO] runtime - { methed: 'getListDao',
  path: 'C:\\Users\\www22\\Desktop\\project\\firstonce\\module\\userDao.js' }
[2018-12-22T20:49:46.457] [INFO] runtime - connection as id 140
[2018-12-22T20:53:20.552] [INFO] runtime - connection as id 141
[2018-12-22T20:54:14.615] [INFO] runtime - connection as id 142
[2018-12-22T20:55:27.108] [INFO] runtime - connection as id 143
[2018-12-22T20:56:11.022] [INFO] runtime - { methed: 'loginDao',
  path: 'C:\\Users\\www22\\Desktop\\project\\firstonce\\module\\userDao.js' }
[2018-12-22T20:56:16.360] [INFO] runtime - { methed: 'getListDao',
  path: 'C:\\Users\\www22\\Desktop\\project\\firstonce\\module\\userDao.js' }
[2018-12-22T20:57:27.749] [INFO] runtime - connection as id 145
[2018-12-22T20:57:50.471] [INFO] runtime - connection as id 146
[2018-12-22T20:58:00.246] [INFO] runtime - { methed: 'getListDao',
  path: 'C:\\Users\\www22\\Desktop\\project\\firstonce\\module\\userDao.js' }
[2018-12-22T20:58:35.275] [INFO] runtime - connection as id 148
[2018-12-22T20:58:43.293] [INFO] runtime - connection as id 149
[2018-12-22T20:58:46.708] [INFO] runtime - connection as id 150
[2018-12-22T20:58:51.864] [INFO] runtime - { methed: 'getListDao',
  path: 'C:\\Users\\www22\\Desktop\\project\\firstonce\\module\\userDao.js' }
[2018-12-22T20:59:07.542] [INFO] runtime - connection as id 152
[2018-12-22T20:59:25.320] [INFO] runtime - connection as id 153
[2018-12-22T20:59:40.915] [INFO] runtime - { methed: 'getListDao',
  path: 'C:\\Users\\www22\\Desktop\\project\\firstonce\\module\\userDao.js' }
[2018-12-22T20:59:48.049] [INFO] runtime - { methed: 'addUserDao',
  path: 'C:\\Users\\www22\\Desktop\\project\\firstonce\\module\\userDao.js' }
[2018-12-22T20:59:48.304] [INFO] runtime - { methed: 'getListDao',
  path: 'C:\\Users\\www22\\Desktop\\project\\firstonce\\module\\userDao.js' }
[2018-12-22T21:00:05.303] [INFO] runtime - connection as id 155
[2018-12-22T21:00:27.895] [INFO] runtime - connection as id 156
[2018-12-22T21:00:28.609] [INFO] runtime - connection as id 157
[2018-12-22T21:00:37.894] [INFO] runtime - { methed: 'getListDao',
  path: 'C:\\Users\\www22\\Desktop\\project\\firstonce\\module\\userDao.js' }
[2018-12-22T21:00:58.902] [INFO] runtime - { methed: 'addUserDao',
  path: 'C:\\Users\\www22\\Desktop\\project\\firstonce\\module\\userDao.js' }
[2018-12-22T21:00:59.125] [INFO] runtime - { methed: 'getListDao',
  path: 'C:\\Users\\www22\\Desktop\\project\\firstonce\\module\\userDao.js' }
[2018-12-22T21:01:10.820] [INFO] runtime - { methed: 'addUserDao',
  path: 'C:\\Users\\www22\\Desktop\\project\\firstonce\\module\\userDao.js' }
[2018-12-22T21:01:10.975] [INFO] runtime - { methed: 'getListDao',
  path: 'C:\\Users\\www22\\Desktop\\project\\firstonce\\module\\userDao.js' }
[2018-12-22T21:14:06.801] [INFO] runtime - { methed: 'getListDao',
  path: 'C:\\Users\\www22\\Desktop\\project\\firstonce\\module\\userDao.js' }
[2018-12-22T21:14:09.655] [INFO] runtime - { methed: 'getListDao',
  path: 'C:\\Users\\www22\\Desktop\\project\\firstonce\\module\\userDao.js' }
[2018-12-22T21:17:48.672] [INFO] runtime - connection as id 159
[2018-12-22T21:18:39.931] [INFO] runtime - connection as id 160
[2018-12-22T21:18:58.523] [INFO] runtime - connection as id 161
[2018-12-22T21:19:17.698] [INFO] runtime - connection as id 162
[2018-12-22T21:20:01.611] [INFO] runtime - connection as id 163
[2018-12-22T21:20:08.946] [INFO] runtime - { methed: 'getListDao',
  path: 'C:\\Users\\www22\\Desktop\\project\\firstonce\\module\\userDao.js' }
[2018-12-22T21:20:09.009] [ERROR] runtime - Error: ER_PARSE_ERROR: You have an error in your SQL syntax; check the manual that corresponds to your MySQL server version for the right syntax to use near '%0% or name like %20% limit '' ,''' at line 1
    at Query.Sequence._packetToError (C:\Users\www22\Desktop\project\firstonce\node_modules\mysql\lib\protocol\sequences\Sequence.js:47:14)
    at Query.ErrorPacket (C:\Users\www22\Desktop\project\firstonce\node_modules\mysql\lib\protocol\sequences\Query.js:77:18)
    at Protocol._parsePacket (C:\Users\www22\Desktop\project\firstonce\node_modules\mysql\lib\protocol\Protocol.js:278:23)
    at Parser.write (C:\Users\www22\Desktop\project\firstonce\node_modules\mysql\lib\protocol\Parser.js:76:12)
    at Protocol.write (C:\Users\www22\Desktop\project\firstonce\node_modules\mysql\lib\protocol\Protocol.js:38:16)
    at Socket.<anonymous> (C:\Users\www22\Desktop\project\firstonce\node_modules\mysql\lib\Connection.js:91:28)
    at Socket.<anonymous> (C:\Users\www22\Desktop\project\firstonce\node_modules\mysql\lib\Connection.js:502:10)
    at emitOne (events.js:116:13)
    at Socket.emit (events.js:211:7)
    at addChunk (_stream_readable.js:263:12)
    --------------------
    at Protocol._enqueue (C:\Users\www22\Desktop\project\firstonce\node_modules\mysql\lib\protocol\Protocol.js:144:48)
    at PoolConnection.query (C:\Users\www22\Desktop\project\firstonce\node_modules\mysql\lib\Connection.js:200:25)
    at C:\Users\www22\Desktop\project\firstonce\module\userDao.js:20:18
    at C:\Users\www22\Desktop\project\firstonce\config\db.js:33:9
    at Handshake.onConnect (C:\Users\www22\Desktop\project\firstonce\node_modules\mysql\lib\Pool.js:64:7)
    at Handshake.<anonymous> (C:\Users\www22\Desktop\project\firstonce\node_modules\mysql\lib\Connection.js:502:10)
    at Handshake._callback (C:\Users\www22\Desktop\project\firstonce\node_modules\mysql\lib\Connection.js:468:16)
    at Handshake.Sequence.end (C:\Users\www22\Desktop\project\firstonce\node_modules\mysql\lib\protocol\sequences\Sequence.js:83:24)
    at Handshake.Sequence.OkPacket (C:\Users\www22\Desktop\project\firstonce\node_modules\mysql\lib\protocol\sequences\Sequence.js:92:8)
    at Protocol._parsePacket (C:\Users\www22\Desktop\project\firstonce\node_modules\mysql\lib\protocol\Protocol.js:278:23)
[2018-12-22T21:20:19.698] [INFO] runtime - { methed: 'getListDao',
  path: 'C:\\Users\\www22\\Desktop\\project\\firstonce\\module\\userDao.js' }
[2018-12-22T21:20:19.701] [ERROR] runtime - Error: ER_PARSE_ERROR: You have an error in your SQL syntax; check the manual that corresponds to your MySQL server version for the right syntax to use near '%0% or name like %20% limit '' ,''' at line 1
    at Query.Sequence._packetToError (C:\Users\www22\Desktop\project\firstonce\node_modules\mysql\lib\protocol\sequences\Sequence.js:47:14)
    at Query.ErrorPacket (C:\Users\www22\Desktop\project\firstonce\node_modules\mysql\lib\protocol\sequences\Query.js:77:18)
    at Protocol._parsePacket (C:\Users\www22\Desktop\project\firstonce\node_modules\mysql\lib\protocol\Protocol.js:278:23)
    at Parser.write (C:\Users\www22\Desktop\project\firstonce\node_modules\mysql\lib\protocol\Parser.js:76:12)
    at Protocol.write (C:\Users\www22\Desktop\project\firstonce\node_modules\mysql\lib\protocol\Protocol.js:38:16)
    at Socket.<anonymous> (C:\Users\www22\Desktop\project\firstonce\node_modules\mysql\lib\Connection.js:91:28)
    at Socket.<anonymous> (C:\Users\www22\Desktop\project\firstonce\node_modules\mysql\lib\Connection.js:502:10)
    at emitOne (events.js:116:13)
    at Socket.emit (events.js:211:7)
    at addChunk (_stream_readable.js:263:12)
    --------------------
    at Protocol._enqueue (C:\Users\www22\Desktop\project\firstonce\node_modules\mysql\lib\protocol\Protocol.js:144:48)
    at PoolConnection.query (C:\Users\www22\Desktop\project\firstonce\node_modules\mysql\lib\Connection.js:200:25)
    at C:\Users\www22\Desktop\project\firstonce\module\userDao.js:20:18
    at C:\Users\www22\Desktop\project\firstonce\config\db.js:33:9
    at Ping.onOperationComplete (C:\Users\www22\Desktop\project\firstonce\node_modules\mysql\lib\Pool.js:110:5)
    at Ping.<anonymous> (C:\Users\www22\Desktop\project\firstonce\node_modules\mysql\lib\Connection.js:502:10)
    at Ping._callback (C:\Users\www22\Desktop\project\firstonce\node_modules\mysql\lib\Connection.js:468:16)
    at Ping.Sequence.end (C:\Users\www22\Desktop\project\firstonce\node_modules\mysql\lib\protocol\sequences\Sequence.js:83:24)
    at Ping.Sequence.OkPacket (C:\Users\www22\Desktop\project\firstonce\node_modules\mysql\lib\protocol\sequences\Sequence.js:92:8)
    at Protocol._parsePacket (C:\Users\www22\Desktop\project\firstonce\node_modules\mysql\lib\protocol\Protocol.js:278:23)
[2018-12-22T21:21:13.888] [INFO] runtime - connection as id 165
[2018-12-22T21:21:17.604] [INFO] runtime - { methed: 'getListDao',
  path: 'C:\\Users\\www22\\Desktop\\project\\firstonce\\module\\userDao.js' }
[2018-12-22T21:21:17.610] [ERROR] runtime - Error: ER_PARSE_ERROR: You have an error in your SQL syntax; check the manual that corresponds to your MySQL server version for the right syntax to use near '%''% or name like %''% limit 0 ,20' at line 1
    at Query.Sequence._packetToError (C:\Users\www22\Desktop\project\firstonce\node_modules\mysql\lib\protocol\sequences\Sequence.js:47:14)
    at Query.ErrorPacket (C:\Users\www22\Desktop\project\firstonce\node_modules\mysql\lib\protocol\sequences\Query.js:77:18)
    at Protocol._parsePacket (C:\Users\www22\Desktop\project\firstonce\node_modules\mysql\lib\protocol\Protocol.js:278:23)
    at Parser.write (C:\Users\www22\Desktop\project\firstonce\node_modules\mysql\lib\protocol\Parser.js:76:12)
    at Protocol.write (C:\Users\www22\Desktop\project\firstonce\node_modules\mysql\lib\protocol\Protocol.js:38:16)
    at Socket.<anonymous> (C:\Users\www22\Desktop\project\firstonce\node_modules\mysql\lib\Connection.js:91:28)
    at Socket.<anonymous> (C:\Users\www22\Desktop\project\firstonce\node_modules\mysql\lib\Connection.js:502:10)
    at emitOne (events.js:116:13)
    at Socket.emit (events.js:211:7)
    at addChunk (_stream_readable.js:263:12)
    --------------------
    at Protocol._enqueue (C:\Users\www22\Desktop\project\firstonce\node_modules\mysql\lib\protocol\Protocol.js:144:48)
    at PoolConnection.query (C:\Users\www22\Desktop\project\firstonce\node_modules\mysql\lib\Connection.js:200:25)
    at C:\Users\www22\Desktop\project\firstonce\module\userDao.js:20:18
    at C:\Users\www22\Desktop\project\firstonce\config\db.js:33:9
    at Handshake.onConnect (C:\Users\www22\Desktop\project\firstonce\node_modules\mysql\lib\Pool.js:64:7)
    at Handshake.<anonymous> (C:\Users\www22\Desktop\project\firstonce\node_modules\mysql\lib\Connection.js:502:10)
    at Handshake._callback (C:\Users\www22\Desktop\project\firstonce\node_modules\mysql\lib\Connection.js:468:16)
    at Handshake.Sequence.end (C:\Users\www22\Desktop\project\firstonce\node_modules\mysql\lib\protocol\sequences\Sequence.js:83:24)
    at Handshake.Sequence.OkPacket (C:\Users\www22\Desktop\project\firstonce\node_modules\mysql\lib\protocol\sequences\Sequence.js:92:8)
    at Protocol._parsePacket (C:\Users\www22\Desktop\project\firstonce\node_modules\mysql\lib\protocol\Protocol.js:278:23)
[2018-12-22T21:23:29.225] [INFO] runtime - connection as id 168
[2018-12-22T21:23:35.246] [INFO] runtime - { methed: 'getListDao',
  path: 'C:\\Users\\www22\\Desktop\\project\\firstonce\\module\\userDao.js' }
[2018-12-22T21:25:23.299] [INFO] runtime - connection as id 170
[2018-12-22T21:25:28.105] [INFO] runtime - { methed: 'getListDao',
  path: 'C:\\Users\\www22\\Desktop\\project\\firstonce\\module\\userDao.js' }
[2018-12-22T21:25:47.316] [INFO] runtime - { methed: 'getListDao',
  path: 'C:\\Users\\www22\\Desktop\\project\\firstonce\\module\\userDao.js' }
[2018-12-22T21:25:57.088] [INFO] runtime - { methed: 'getListDao',
  path: 'C:\\Users\\www22\\Desktop\\project\\firstonce\\module\\userDao.js' }
[2018-12-22T21:25:57.090] [ERROR] runtime - Error: ER_PARSE_ERROR: You have an error in your SQL syntax; check the manual that corresponds to your MySQL server version for the right syntax to use near 'a'%' or name like '%'a'%' limit 0 ,20' at line 1
    at Query.Sequence._packetToError (C:\Users\www22\Desktop\project\firstonce\node_modules\mysql\lib\protocol\sequences\Sequence.js:47:14)
    at Query.ErrorPacket (C:\Users\www22\Desktop\project\firstonce\node_modules\mysql\lib\protocol\sequences\Query.js:77:18)
    at Protocol._parsePacket (C:\Users\www22\Desktop\project\firstonce\node_modules\mysql\lib\protocol\Protocol.js:278:23)
    at Parser.write (C:\Users\www22\Desktop\project\firstonce\node_modules\mysql\lib\protocol\Parser.js:76:12)
    at Protocol.write (C:\Users\www22\Desktop\project\firstonce\node_modules\mysql\lib\protocol\Protocol.js:38:16)
    at Socket.<anonymous> (C:\Users\www22\Desktop\project\firstonce\node_modules\mysql\lib\Connection.js:91:28)
    at Socket.<anonymous> (C:\Users\www22\Desktop\project\firstonce\node_modules\mysql\lib\Connection.js:502:10)
    at emitOne (events.js:116:13)
    at Socket.emit (events.js:211:7)
    at addChunk (_stream_readable.js:263:12)
    --------------------
    at Protocol._enqueue (C:\Users\www22\Desktop\project\firstonce\node_modules\mysql\lib\protocol\Protocol.js:144:48)
    at PoolConnection.query (C:\Users\www22\Desktop\project\firstonce\node_modules\mysql\lib\Connection.js:200:25)
    at C:\Users\www22\Desktop\project\firstonce\module\userDao.js:20:18
    at C:\Users\www22\Desktop\project\firstonce\config\db.js:33:9
    at Ping.onOperationComplete (C:\Users\www22\Desktop\project\firstonce\node_modules\mysql\lib\Pool.js:110:5)
    at Ping.<anonymous> (C:\Users\www22\Desktop\project\firstonce\node_modules\mysql\lib\Connection.js:502:10)
    at Ping._callback (C:\Users\www22\Desktop\project\firstonce\node_modules\mysql\lib\Connection.js:468:16)
    at Ping.Sequence.end (C:\Users\www22\Desktop\project\firstonce\node_modules\mysql\lib\protocol\sequences\Sequence.js:83:24)
    at Ping.Sequence.OkPacket (C:\Users\www22\Desktop\project\firstonce\node_modules\mysql\lib\protocol\sequences\Sequence.js:92:8)
    at Protocol._parsePacket (C:\Users\www22\Desktop\project\firstonce\node_modules\mysql\lib\protocol\Protocol.js:278:23)
[2018-12-22T21:25:57.132] [INFO] runtime - { methed: 'getListDao',
  path: 'C:\\Users\\www22\\Desktop\\project\\firstonce\\module\\userDao.js' }
[2018-12-22T21:25:57.133] [ERROR] runtime - Error: ER_PARSE_ERROR: You have an error in your SQL syntax; check the manual that corresponds to your MySQL server version for the right syntax to use near 'a'%' or name like '%'a'%' limit 0 ,20' at line 1
    at Query.Sequence._packetToError (C:\Users\www22\Desktop\project\firstonce\node_modules\mysql\lib\protocol\sequences\Sequence.js:47:14)
    at Query.ErrorPacket (C:\Users\www22\Desktop\project\firstonce\node_modules\mysql\lib\protocol\sequences\Query.js:77:18)
    at Protocol._parsePacket (C:\Users\www22\Desktop\project\firstonce\node_modules\mysql\lib\protocol\Protocol.js:278:23)
    at Parser.write (C:\Users\www22\Desktop\project\firstonce\node_modules\mysql\lib\protocol\Parser.js:76:12)
    at Protocol.write (C:\Users\www22\Desktop\project\firstonce\node_modules\mysql\lib\protocol\Protocol.js:38:16)
    at Socket.<anonymous> (C:\Users\www22\Desktop\project\firstonce\node_modules\mysql\lib\Connection.js:91:28)
    at Socket.<anonymous> (C:\Users\www22\Desktop\project\firstonce\node_modules\mysql\lib\Connection.js:502:10)
    at emitOne (events.js:116:13)
    at Socket.emit (events.js:211:7)
    at addChunk (_stream_readable.js:263:12)
    --------------------
    at Protocol._enqueue (C:\Users\www22\Desktop\project\firstonce\node_modules\mysql\lib\protocol\Protocol.js:144:48)
    at PoolConnection.query (C:\Users\www22\Desktop\project\firstonce\node_modules\mysql\lib\Connection.js:200:25)
    at C:\Users\www22\Desktop\project\firstonce\module\userDao.js:20:18
    at C:\Users\www22\Desktop\project\firstonce\config\db.js:33:9
    at Ping.onOperationComplete (C:\Users\www22\Desktop\project\firstonce\node_modules\mysql\lib\Pool.js:110:5)
    at Ping.<anonymous> (C:\Users\www22\Desktop\project\firstonce\node_modules\mysql\lib\Connection.js:502:10)
    at Ping._callback (C:\Users\www22\Desktop\project\firstonce\node_modules\mysql\lib\Connection.js:468:16)
    at Ping.Sequence.end (C:\Users\www22\Desktop\project\firstonce\node_modules\mysql\lib\protocol\sequences\Sequence.js:83:24)
    at Ping.Sequence.OkPacket (C:\Users\www22\Desktop\project\firstonce\node_modules\mysql\lib\protocol\sequences\Sequence.js:92:8)
    at Protocol._parsePacket (C:\Users\www22\Desktop\project\firstonce\node_modules\mysql\lib\protocol\Protocol.js:278:23)
[2018-12-22T21:28:05.828] [INFO] runtime - connection as id 172
[2018-12-22T21:28:12.656] [INFO] runtime - { methed: 'getListDao',
  path: 'C:\\Users\\www22\\Desktop\\project\\firstonce\\module\\userDao.js' }
[2018-12-22T21:28:12.670] [ERROR] runtime - Error: ER_PARSE_ERROR: You have an error in your SQL syntax; check the manual that corresponds to your MySQL server version for the right syntax to use near '/'%''%/' or name like /'%''%/' limit 0 ,20' at line 1
    at Query.Sequence._packetToError (C:\Users\www22\Desktop\project\firstonce\node_modules\mysql\lib\protocol\sequences\Sequence.js:47:14)
    at Query.ErrorPacket (C:\Users\www22\Desktop\project\firstonce\node_modules\mysql\lib\protocol\sequences\Query.js:77:18)
    at Protocol._parsePacket (C:\Users\www22\Desktop\project\firstonce\node_modules\mysql\lib\protocol\Protocol.js:278:23)
    at Parser.write (C:\Users\www22\Desktop\project\firstonce\node_modules\mysql\lib\protocol\Parser.js:76:12)
    at Protocol.write (C:\Users\www22\Desktop\project\firstonce\node_modules\mysql\lib\protocol\Protocol.js:38:16)
    at Socket.<anonymous> (C:\Users\www22\Desktop\project\firstonce\node_modules\mysql\lib\Connection.js:91:28)
    at Socket.<anonymous> (C:\Users\www22\Desktop\project\firstonce\node_modules\mysql\lib\Connection.js:502:10)
    at emitOne (events.js:116:13)
    at Socket.emit (events.js:211:7)
    at addChunk (_stream_readable.js:263:12)
    --------------------
    at Protocol._enqueue (C:\Users\www22\Desktop\project\firstonce\node_modules\mysql\lib\protocol\Protocol.js:144:48)
    at PoolConnection.query (C:\Users\www22\Desktop\project\firstonce\node_modules\mysql\lib\Connection.js:200:25)
    at C:\Users\www22\Desktop\project\firstonce\module\userDao.js:20:18
    at C:\Users\www22\Desktop\project\firstonce\config\db.js:33:9
    at Handshake.onConnect (C:\Users\www22\Desktop\project\firstonce\node_modules\mysql\lib\Pool.js:64:7)
    at Handshake.<anonymous> (C:\Users\www22\Desktop\project\firstonce\node_modules\mysql\lib\Connection.js:502:10)
    at Handshake._callback (C:\Users\www22\Desktop\project\firstonce\node_modules\mysql\lib\Connection.js:468:16)
    at Handshake.Sequence.end (C:\Users\www22\Desktop\project\firstonce\node_modules\mysql\lib\protocol\sequences\Sequence.js:83:24)
    at Handshake.Sequence.OkPacket (C:\Users\www22\Desktop\project\firstonce\node_modules\mysql\lib\protocol\sequences\Sequence.js:92:8)
    at Protocol._parsePacket (C:\Users\www22\Desktop\project\firstonce\node_modules\mysql\lib\protocol\Protocol.js:278:23)
[2018-12-22T21:29:48.429] [INFO] runtime - connection as id 174
[2018-12-22T21:29:52.457] [INFO] runtime - { methed: 'getListDao',
  path: 'C:\\Users\\www22\\Desktop\\project\\firstonce\\module\\userDao.js' }
[2018-12-22T21:29:54.604] [INFO] runtime - { methed: 'getListDao',
  path: 'C:\\Users\\www22\\Desktop\\project\\firstonce\\module\\userDao.js' }
[2018-12-22T21:29:56.822] [INFO] runtime - { methed: 'getListDao',
  path: 'C:\\Users\\www22\\Desktop\\project\\firstonce\\module\\userDao.js' }
[2018-12-22T21:30:01.253] [INFO] runtime - { methed: 'getListDao',
  path: 'C:\\Users\\www22\\Desktop\\project\\firstonce\\module\\userDao.js' }
[2018-12-22T21:30:01.257] [ERROR] runtime - Error: ER_PARSE_ERROR: You have an error in your SQL syntax; check the manual that corresponds to your MySQL server version for the right syntax to use near 'a'%' or name like '%'a'%' limit 0 ,20' at line 1
    at Query.Sequence._packetToError (C:\Users\www22\Desktop\project\firstonce\node_modules\mysql\lib\protocol\sequences\Sequence.js:47:14)
    at Query.ErrorPacket (C:\Users\www22\Desktop\project\firstonce\node_modules\mysql\lib\protocol\sequences\Query.js:77:18)
    at Protocol._parsePacket (C:\Users\www22\Desktop\project\firstonce\node_modules\mysql\lib\protocol\Protocol.js:278:23)
    at Parser.write (C:\Users\www22\Desktop\project\firstonce\node_modules\mysql\lib\protocol\Parser.js:76:12)
    at Protocol.write (C:\Users\www22\Desktop\project\firstonce\node_modules\mysql\lib\protocol\Protocol.js:38:16)
    at Socket.<anonymous> (C:\Users\www22\Desktop\project\firstonce\node_modules\mysql\lib\Connection.js:91:28)
    at Socket.<anonymous> (C:\Users\www22\Desktop\project\firstonce\node_modules\mysql\lib\Connection.js:502:10)
    at emitOne (events.js:116:13)
    at Socket.emit (events.js:211:7)
    at addChunk (_stream_readable.js:263:12)
    --------------------
    at Protocol._enqueue (C:\Users\www22\Desktop\project\firstonce\node_modules\mysql\lib\protocol\Protocol.js:144:48)
    at PoolConnection.query (C:\Users\www22\Desktop\project\firstonce\node_modules\mysql\lib\Connection.js:200:25)
    at C:\Users\www22\Desktop\project\firstonce\module\userDao.js:20:18
    at C:\Users\www22\Desktop\project\firstonce\config\db.js:33:9
    at Ping.onOperationComplete (C:\Users\www22\Desktop\project\firstonce\node_modules\mysql\lib\Pool.js:110:5)
    at Ping.<anonymous> (C:\Users\www22\Desktop\project\firstonce\node_modules\mysql\lib\Connection.js:502:10)
    at Ping._callback (C:\Users\www22\Desktop\project\firstonce\node_modules\mysql\lib\Connection.js:468:16)
    at Ping.Sequence.end (C:\Users\www22\Desktop\project\firstonce\node_modules\mysql\lib\protocol\sequences\Sequence.js:83:24)
    at Ping.Sequence.OkPacket (C:\Users\www22\Desktop\project\firstonce\node_modules\mysql\lib\protocol\sequences\Sequence.js:92:8)
    at Protocol._parsePacket (C:\Users\www22\Desktop\project\firstonce\node_modules\mysql\lib\protocol\Protocol.js:278:23)
[2018-12-22T21:30:01.329] [INFO] runtime - { methed: 'getListDao',
  path: 'C:\\Users\\www22\\Desktop\\project\\firstonce\\module\\userDao.js' }
[2018-12-22T21:30:01.330] [ERROR] runtime - Error: ER_PARSE_ERROR: You have an error in your SQL syntax; check the manual that corresponds to your MySQL server version for the right syntax to use near 'a'%' or name like '%'a'%' limit 0 ,20' at line 1
    at Query.Sequence._packetToError (C:\Users\www22\Desktop\project\firstonce\node_modules\mysql\lib\protocol\sequences\Sequence.js:47:14)
    at Query.ErrorPacket (C:\Users\www22\Desktop\project\firstonce\node_modules\mysql\lib\protocol\sequences\Query.js:77:18)
    at Protocol._parsePacket (C:\Users\www22\Desktop\project\firstonce\node_modules\mysql\lib\protocol\Protocol.js:278:23)
    at Parser.write (C:\Users\www22\Desktop\project\firstonce\node_modules\mysql\lib\protocol\Parser.js:76:12)
    at Protocol.write (C:\Users\www22\Desktop\project\firstonce\node_modules\mysql\lib\protocol\Protocol.js:38:16)
    at Socket.<anonymous> (C:\Users\www22\Desktop\project\firstonce\node_modules\mysql\lib\Connection.js:91:28)
    at Socket.<anonymous> (C:\Users\www22\Desktop\project\firstonce\node_modules\mysql\lib\Connection.js:502:10)
    at emitOne (events.js:116:13)
    at Socket.emit (events.js:211:7)
    at addChunk (_stream_readable.js:263:12)
    --------------------
    at Protocol._enqueue (C:\Users\www22\Desktop\project\firstonce\node_modules\mysql\lib\protocol\Protocol.js:144:48)
    at PoolConnection.query (C:\Users\www22\Desktop\project\firstonce\node_modules\mysql\lib\Connection.js:200:25)
    at C:\Users\www22\Desktop\project\firstonce\module\userDao.js:20:18
    at C:\Users\www22\Desktop\project\firstonce\config\db.js:33:9
    at Ping.onOperationComplete (C:\Users\www22\Desktop\project\firstonce\node_modules\mysql\lib\Pool.js:110:5)
    at Ping.<anonymous> (C:\Users\www22\Desktop\project\firstonce\node_modules\mysql\lib\Connection.js:502:10)
    at Ping._callback (C:\Users\www22\Desktop\project\firstonce\node_modules\mysql\lib\Connection.js:468:16)
    at Ping.Sequence.end (C:\Users\www22\Desktop\project\firstonce\node_modules\mysql\lib\protocol\sequences\Sequence.js:83:24)
    at Ping.Sequence.OkPacket (C:\Users\www22\Desktop\project\firstonce\node_modules\mysql\lib\protocol\sequences\Sequence.js:92:8)
    at Protocol._parsePacket (C:\Users\www22\Desktop\project\firstonce\node_modules\mysql\lib\protocol\Protocol.js:278:23)
[2018-12-22T21:31:51.362] [INFO] runtime - connection as id 176
[2018-12-22T21:31:57.187] [INFO] runtime - { methed: 'getListDao',
  path: 'C:\\Users\\www22\\Desktop\\project\\firstonce\\module\\userDao.js' }
[2018-12-22T21:32:00.188] [INFO] runtime - { methed: 'getListDao',
  path: 'C:\\Users\\www22\\Desktop\\project\\firstonce\\module\\userDao.js' }
[2018-12-22T21:32:00.192] [ERROR] runtime - Error: ER_PARSE_ERROR: You have an error in your SQL syntax; check the manual that corresponds to your MySQL server version for the right syntax to use near 'a'%' or name like '%'a'%' limit 0 ,20' at line 1
    at Query.Sequence._packetToError (C:\Users\www22\Desktop\project\firstonce\node_modules\mysql\lib\protocol\sequences\Sequence.js:47:14)
    at Query.ErrorPacket (C:\Users\www22\Desktop\project\firstonce\node_modules\mysql\lib\protocol\sequences\Query.js:77:18)
    at Protocol._parsePacket (C:\Users\www22\Desktop\project\firstonce\node_modules\mysql\lib\protocol\Protocol.js:278:23)
    at Parser.write (C:\Users\www22\Desktop\project\firstonce\node_modules\mysql\lib\protocol\Parser.js:76:12)
    at Protocol.write (C:\Users\www22\Desktop\project\firstonce\node_modules\mysql\lib\protocol\Protocol.js:38:16)
    at Socket.<anonymous> (C:\Users\www22\Desktop\project\firstonce\node_modules\mysql\lib\Connection.js:91:28)
    at Socket.<anonymous> (C:\Users\www22\Desktop\project\firstonce\node_modules\mysql\lib\Connection.js:502:10)
    at emitOne (events.js:116:13)
    at Socket.emit (events.js:211:7)
    at addChunk (_stream_readable.js:263:12)
    --------------------
    at Protocol._enqueue (C:\Users\www22\Desktop\project\firstonce\node_modules\mysql\lib\protocol\Protocol.js:144:48)
    at PoolConnection.query (C:\Users\www22\Desktop\project\firstonce\node_modules\mysql\lib\Connection.js:200:25)
    at C:\Users\www22\Desktop\project\firstonce\module\userDao.js:20:18
    at C:\Users\www22\Desktop\project\firstonce\config\db.js:33:9
    at Ping.onOperationComplete (C:\Users\www22\Desktop\project\firstonce\node_modules\mysql\lib\Pool.js:110:5)
    at Ping.<anonymous> (C:\Users\www22\Desktop\project\firstonce\node_modules\mysql\lib\Connection.js:502:10)
    at Ping._callback (C:\Users\www22\Desktop\project\firstonce\node_modules\mysql\lib\Connection.js:468:16)
    at Ping.Sequence.end (C:\Users\www22\Desktop\project\firstonce\node_modules\mysql\lib\protocol\sequences\Sequence.js:83:24)
    at Ping.Sequence.OkPacket (C:\Users\www22\Desktop\project\firstonce\node_modules\mysql\lib\protocol\sequences\Sequence.js:92:8)
    at Protocol._parsePacket (C:\Users\www22\Desktop\project\firstonce\node_modules\mysql\lib\protocol\Protocol.js:278:23)
[2018-12-22T21:32:00.251] [INFO] runtime - { methed: 'getListDao',
  path: 'C:\\Users\\www22\\Desktop\\project\\firstonce\\module\\userDao.js' }
[2018-12-22T21:32:00.252] [ERROR] runtime - Error: ER_PARSE_ERROR: You have an error in your SQL syntax; check the manual that corresponds to your MySQL server version for the right syntax to use near 'a'%' or name like '%'a'%' limit 0 ,20' at line 1
    at Query.Sequence._packetToError (C:\Users\www22\Desktop\project\firstonce\node_modules\mysql\lib\protocol\sequences\Sequence.js:47:14)
    at Query.ErrorPacket (C:\Users\www22\Desktop\project\firstonce\node_modules\mysql\lib\protocol\sequences\Query.js:77:18)
    at Protocol._parsePacket (C:\Users\www22\Desktop\project\firstonce\node_modules\mysql\lib\protocol\Protocol.js:278:23)
    at Parser.write (C:\Users\www22\Desktop\project\firstonce\node_modules\mysql\lib\protocol\Parser.js:76:12)
    at Protocol.write (C:\Users\www22\Desktop\project\firstonce\node_modules\mysql\lib\protocol\Protocol.js:38:16)
    at Socket.<anonymous> (C:\Users\www22\Desktop\project\firstonce\node_modules\mysql\lib\Connection.js:91:28)
    at Socket.<anonymous> (C:\Users\www22\Desktop\project\firstonce\node_modules\mysql\lib\Connection.js:502:10)
    at emitOne (events.js:116:13)
    at Socket.emit (events.js:211:7)
    at addChunk (_stream_readable.js:263:12)
    --------------------
    at Protocol._enqueue (C:\Users\www22\Desktop\project\firstonce\node_modules\mysql\lib\protocol\Protocol.js:144:48)
    at PoolConnection.query (C:\Users\www22\Desktop\project\firstonce\node_modules\mysql\lib\Connection.js:200:25)
    at C:\Users\www22\Desktop\project\firstonce\module\userDao.js:20:18
    at C:\Users\www22\Desktop\project\firstonce\config\db.js:33:9
    at Ping.onOperationComplete (C:\Users\www22\Desktop\project\firstonce\node_modules\mysql\lib\Pool.js:110:5)
    at Ping.<anonymous> (C:\Users\www22\Desktop\project\firstonce\node_modules\mysql\lib\Connection.js:502:10)
    at Ping._callback (C:\Users\www22\Desktop\project\firstonce\node_modules\mysql\lib\Connection.js:468:16)
    at Ping.Sequence.end (C:\Users\www22\Desktop\project\firstonce\node_modules\mysql\lib\protocol\sequences\Sequence.js:83:24)
    at Ping.Sequence.OkPacket (C:\Users\www22\Desktop\project\firstonce\node_modules\mysql\lib\protocol\sequences\Sequence.js:92:8)
    at Protocol._parsePacket (C:\Users\www22\Desktop\project\firstonce\node_modules\mysql\lib\protocol\Protocol.js:278:23)
[2018-12-22T21:32:41.526] [INFO] runtime - connection as id 178
[2018-12-22T21:32:47.111] [INFO] runtime - connection as id 179
[2018-12-22T21:33:17.389] [INFO] runtime - { methed: 'getListDao',
  path: 'C:\\Users\\www22\\Desktop\\project\\firstonce\\module\\userDao.js' }
[2018-12-22T21:33:55.484] [INFO] runtime - connection as id 181
[2018-12-22T21:33:59.560] [INFO] runtime - { methed: 'getListDao',
  path: 'C:\\Users\\www22\\Desktop\\project\\firstonce\\module\\userDao.js' }
[2018-12-22T21:33:59.567] [ERROR] runtime - Error: ER_PARSE_ERROR: You have an error in your SQL syntax; check the manual that corresponds to your MySQL server version for the right syntax to use near '%''% or name like %''% limit 0 ,20' at line 1
    at Query.Sequence._packetToError (C:\Users\www22\Desktop\project\firstonce\node_modules\mysql\lib\protocol\sequences\Sequence.js:47:14)
    at Query.ErrorPacket (C:\Users\www22\Desktop\project\firstonce\node_modules\mysql\lib\protocol\sequences\Query.js:77:18)
    at Protocol._parsePacket (C:\Users\www22\Desktop\project\firstonce\node_modules\mysql\lib\protocol\Protocol.js:278:23)
    at Parser.write (C:\Users\www22\Desktop\project\firstonce\node_modules\mysql\lib\protocol\Parser.js:76:12)
    at Protocol.write (C:\Users\www22\Desktop\project\firstonce\node_modules\mysql\lib\protocol\Protocol.js:38:16)
    at Socket.<anonymous> (C:\Users\www22\Desktop\project\firstonce\node_modules\mysql\lib\Connection.js:91:28)
    at Socket.<anonymous> (C:\Users\www22\Desktop\project\firstonce\node_modules\mysql\lib\Connection.js:502:10)
    at emitOne (events.js:116:13)
    at Socket.emit (events.js:211:7)
    at addChunk (_stream_readable.js:263:12)
    --------------------
    at Protocol._enqueue (C:\Users\www22\Desktop\project\firstonce\node_modules\mysql\lib\protocol\Protocol.js:144:48)
    at PoolConnection.query (C:\Users\www22\Desktop\project\firstonce\node_modules\mysql\lib\Connection.js:200:25)
    at C:\Users\www22\Desktop\project\firstonce\module\userDao.js:20:18
    at C:\Users\www22\Desktop\project\firstonce\config\db.js:33:9
    at Handshake.onConnect (C:\Users\www22\Desktop\project\firstonce\node_modules\mysql\lib\Pool.js:64:7)
    at Handshake.<anonymous> (C:\Users\www22\Desktop\project\firstonce\node_modules\mysql\lib\Connection.js:502:10)
    at Handshake._callback (C:\Users\www22\Desktop\project\firstonce\node_modules\mysql\lib\Connection.js:468:16)
    at Handshake.Sequence.end (C:\Users\www22\Desktop\project\firstonce\node_modules\mysql\lib\protocol\sequences\Sequence.js:83:24)
    at Handshake.Sequence.OkPacket (C:\Users\www22\Desktop\project\firstonce\node_modules\mysql\lib\protocol\sequences\Sequence.js:92:8)
    at Protocol._parsePacket (C:\Users\www22\Desktop\project\firstonce\node_modules\mysql\lib\protocol\Protocol.js:278:23)
[2018-12-22T21:58:39.596] [INFO] runtime - connection as id 183
[2018-12-22T21:58:56.414] [INFO] runtime - connection as id 184
[2018-12-22T21:59:29.027] [INFO] runtime - { methed: 'loginDao',
  path: 'C:\\Users\\www22\\Desktop\\project\\firstonce\\module\\userDao.js' }
[2018-12-22T21:59:37.088] [INFO] runtime - { methed: 'getListDao',
  path: 'C:\\Users\\www22\\Desktop\\project\\firstonce\\module\\userDao.js' }
[2018-12-22T21:59:42.188] [INFO] runtime - { methed: 'getListDao',
  path: 'C:\\Users\\www22\\Desktop\\project\\firstonce\\module\\userDao.js' }
[2018-12-22T21:59:50.313] [INFO] runtime - { methed: 'getListDao',
  path: 'C:\\Users\\www22\\Desktop\\project\\firstonce\\module\\userDao.js' }
[2018-12-22T21:59:54.213] [INFO] runtime - { methed: 'getListDao',
  path: 'C:\\Users\\www22\\Desktop\\project\\firstonce\\module\\userDao.js' }
[2018-12-22T22:00:01.860] [INFO] runtime - { methed: 'getListDao',
  path: 'C:\\Users\\www22\\Desktop\\project\\firstonce\\module\\userDao.js' }
[2018-12-22T22:00:04.984] [INFO] runtime - { methed: 'getListDao',
  path: 'C:\\Users\\www22\\Desktop\\project\\firstonce\\module\\userDao.js' }
[2018-12-22T22:00:18.165] [INFO] runtime - { methed: 'getListDao',
  path: 'C:\\Users\\www22\\Desktop\\project\\firstonce\\module\\userDao.js' }
