[2018-12-21T19:55:24.611] [INFO] runtime - connection as id 10
[2018-12-21T19:57:52.089] [INFO] runtime - { methed: 'loginDao',
  path: 'C:\\Users\\www22\\Desktop\\project\\firstonce\\module\\userDao.js' }
[2018-12-21T19:57:57.325] [INFO] runtime - { methed: 'getListDao',
  path: 'C:\\Users\\www22\\Desktop\\project\\firstonce\\module\\userDao.js' }
[2018-12-21T19:58:45.772] [INFO] runtime - { methed: 'getListDao',
  path: 'C:\\Users\\www22\\Desktop\\project\\firstonce\\module\\userDao.js' }
[2018-12-21T20:00:43.787] [INFO] runtime - connection as id 12
[2018-12-21T20:01:19.685] [INFO] runtime - connection as id 13
[2018-12-21T20:01:43.243] [INFO] runtime - connection as id 14
[2018-12-21T20:02:08.285] [INFO] runtime - connection as id 15
[2018-12-21T20:09:00.588] [INFO] runtime - connection as id 19
[2018-12-21T20:12:56.554] [INFO] runtime - connection as id 20
[2018-12-21T20:13:33.230] [INFO] runtime - connection as id 21
[2018-12-21T20:13:58.959] [INFO] runtime - connection as id 22
[2018-12-21T20:14:16.261] [INFO] runtime - connection as id 23
[2018-12-21T20:14:40.521] [INFO] runtime - connection as id 24
[2018-12-21T20:15:15.176] [INFO] runtime - connection as id 25
[2018-12-21T20:15:44.389] [INFO] runtime - connection as id 26
[2018-12-21T20:16:12.435] [INFO] runtime - connection as id 27
[2018-12-21T20:17:10.219] [INFO] runtime - connection as id 28
[2018-12-21T20:23:12.389] [INFO] runtime - connection as id 29
[2018-12-21T20:23:45.268] [INFO] runtime - connection as id 30
[2018-12-21T20:24:44.655] [INFO] runtime - connection as id 31
[2018-12-21T20:27:33.705] [INFO] runtime - connection as id 32
[2018-12-21T20:29:55.900] [INFO] runtime - connection as id 33
[2018-12-21T20:31:10.739] [INFO] runtime - connection as id 34
[2018-12-21T20:31:47.501] [INFO] runtime - connection as id 35
[2018-12-21T20:32:03.581] [INFO] runtime - connection as id 36
[2018-12-21T20:32:23.538] [INFO] runtime - connection as id 37
[2018-12-21T20:32:37.638] [INFO] runtime - connection as id 38
[2018-12-21T20:41:30.551] [INFO] runtime - connection as id 39
[2018-12-21T20:42:17.214] [INFO] runtime - connection as id 40
[2018-12-21T20:43:18.224] [INFO] runtime - connection as id 41
[2018-12-21T20:43:24.969] [INFO] runtime - connection as id 42
[2018-12-21T20:43:37.212] [INFO] runtime - connection as id 43
[2018-12-21T20:45:05.664] [INFO] runtime - connection as id 44
[2018-12-21T20:45:30.070] [INFO] runtime - connection as id 45
[2018-12-21T20:45:54.336] [INFO] runtime - connection as id 46
[2018-12-21T20:47:47.987] [INFO] runtime - connection as id 47
[2018-12-21T20:48:13.164] [INFO] runtime - connection as id 48
[2018-12-21T20:49:45.687] [INFO] runtime - connection as id 49
[2018-12-21T20:51:02.537] [INFO] runtime - connection as id 50
[2018-12-21T20:51:44.332] [INFO] runtime - connection as id 51
[2018-12-21T20:54:26.287] [INFO] runtime - connection as id 52
[2018-12-21T20:57:25.735] [INFO] runtime - connection as id 53
[2018-12-21T20:58:24.245] [INFO] runtime - connection as id 54
[2018-12-21T20:59:40.731] [INFO] runtime - connection as id 55
[2018-12-21T21:00:25.957] [INFO] runtime - connection as id 56
[2018-12-21T21:00:33.281] [INFO] runtime - connection as id 57
[2018-12-21T21:01:13.397] [INFO] runtime - connection as id 58
[2018-12-21T21:01:22.435] [INFO] runtime - connection as id 59
[2018-12-21T21:01:37.297] [INFO] runtime - connection as id 60
[2018-12-21T21:02:58.220] [INFO] runtime - connection as id 61
[2018-12-21T21:03:17.279] [INFO] runtime - connection as id 62
[2018-12-21T21:03:29.229] [INFO] runtime - connection as id 63
[2018-12-21T21:04:18.740] [INFO] runtime - connection as id 64
[2018-12-21T21:04:31.546] [INFO] runtime - connection as id 65
[2018-12-21T21:05:02.248] [INFO] runtime - connection as id 66
[2018-12-21T21:05:48.598] [INFO] runtime - connection as id 67
[2018-12-21T21:06:27.908] [INFO] runtime - connection as id 68
[2018-12-21T21:07:54.612] [INFO] runtime - connection as id 69
[2018-12-21T21:08:24.695] [INFO] runtime - connection as id 70
[2018-12-21T21:08:55.023] [INFO] runtime - connection as id 71
[2018-12-21T21:16:25.103] [INFO] runtime - connection as id 72
[2018-12-21T21:16:44.164] [INFO] runtime - connection as id 73
[2018-12-21T21:17:38.529] [INFO] runtime - { methed: 'loginDao',
  path: 'C:\\Users\\www22\\Desktop\\project\\firstonce\\module\\userDao.js' }
[2018-12-21T21:17:44.829] [INFO] runtime - { methed: 'getListDao',
  path: 'C:\\Users\\www22\\Desktop\\project\\firstonce\\module\\userDao.js' }
[2018-12-21T21:19:15.031] [INFO] runtime - { methed: 'getListDao',
  path: 'C:\\Users\\www22\\Desktop\\project\\firstonce\\module\\userDao.js' }
[2018-12-21T21:20:01.603] [INFO] runtime - connection as id 75
[2018-12-21T21:24:16.512] [INFO] runtime - connection as id 76
[2018-12-21T21:24:46.601] [INFO] runtime - connection as id 77
[2018-12-21T21:24:57.370] [INFO] runtime - connection as id 78
[2018-12-21T21:28:38.588] [INFO] runtime - connection as id 79
[2018-12-21T21:28:46.554] [INFO] runtime - { methed: 'getListDao',
  path: 'C:\\Users\\www22\\Desktop\\project\\firstonce\\module\\userDao.js' }
[2018-12-21T21:28:46.618] [ERROR] runtime - Error: ER_SP_UNDECLARED_VAR: Undeclared variable: NaN
    at Query.Sequence._packetToError (C:\Users\www22\Desktop\project\firstonce\node_modules\mysql\lib\protocol\sequences\Sequence.js:47:14)
    at Query.ErrorPacket (C:\Users\www22\Desktop\project\firstonce\node_modules\mysql\lib\protocol\sequences\Query.js:77:18)
    at Protocol._parsePacket (C:\Users\www22\Desktop\project\firstonce\node_modules\mysql\lib\protocol\Protocol.js:278:23)
    at Parser.write (C:\Users\www22\Desktop\project\firstonce\node_modules\mysql\lib\protocol\Parser.js:76:12)
    at Protocol.write (C:\Users\www22\Desktop\project\firstonce\node_modules\mysql\lib\protocol\Protocol.js:38:16)
    at Socket.<anonymous> (C:\Users\www22\Desktop\project\firstonce\node_modules\mysql\lib\Connection.js:91:28)
    at Socket.<anonymous> (C:\Users\www22\Desktop\project\firstonce\node_modules\mysql\lib\Connection.js:502:10)
    at emitOne (events.js:116:13)
    at Socket.emit (events.js:211:7)
    at addChunk (_stream_readable.js:263:12)
    --------------------
    at Protocol._enqueue (C:\Users\www22\Desktop\project\firstonce\node_modules\mysql\lib\protocol\Protocol.js:144:48)
    at PoolConnection.query (C:\Users\www22\Desktop\project\firstonce\node_modules\mysql\lib\Connection.js:200:25)
    at C:\Users\www22\Desktop\project\firstonce\module\userDao.js:20:24
    at C:\Users\www22\Desktop\project\firstonce\config\db.js:33:9
    at Handshake.onConnect (C:\Users\www22\Desktop\project\firstonce\node_modules\mysql\lib\Pool.js:64:7)
    at Handshake.<anonymous> (C:\Users\www22\Desktop\project\firstonce\node_modules\mysql\lib\Connection.js:502:10)
    at Handshake._callback (C:\Users\www22\Desktop\project\firstonce\node_modules\mysql\lib\Connection.js:468:16)
    at Handshake.Sequence.end (C:\Users\www22\Desktop\project\firstonce\node_modules\mysql\lib\protocol\sequences\Sequence.js:83:24)
    at Handshake.Sequence.OkPacket (C:\Users\www22\Desktop\project\firstonce\node_modules\mysql\lib\protocol\sequences\Sequence.js:92:8)
    at Protocol._parsePacket (C:\Users\www22\Desktop\project\firstonce\node_modules\mysql\lib\protocol\Protocol.js:278:23)
[2018-12-21T21:28:46.675] [INFO] runtime - { methed: 'getListDao',
  path: 'C:\\Users\\www22\\Desktop\\project\\firstonce\\module\\userDao.js' }
[2018-12-21T21:29:48.057] [INFO] runtime - { methed: 'getListDao',
  path: 'C:\\Users\\www22\\Desktop\\project\\firstonce\\module\\userDao.js' }
[2018-12-21T21:29:48.059] [ERROR] runtime - Error: ER_SP_UNDECLARED_VAR: Undeclared variable: NaN
    at Query.Sequence._packetToError (C:\Users\www22\Desktop\project\firstonce\node_modules\mysql\lib\protocol\sequences\Sequence.js:47:14)
    at Query.ErrorPacket (C:\Users\www22\Desktop\project\firstonce\node_modules\mysql\lib\protocol\sequences\Query.js:77:18)
    at Protocol._parsePacket (C:\Users\www22\Desktop\project\firstonce\node_modules\mysql\lib\protocol\Protocol.js:278:23)
    at Parser.write (C:\Users\www22\Desktop\project\firstonce\node_modules\mysql\lib\protocol\Parser.js:76:12)
    at Protocol.write (C:\Users\www22\Desktop\project\firstonce\node_modules\mysql\lib\protocol\Protocol.js:38:16)
    at Socket.<anonymous> (C:\Users\www22\Desktop\project\firstonce\node_modules\mysql\lib\Connection.js:91:28)
    at Socket.<anonymous> (C:\Users\www22\Desktop\project\firstonce\node_modules\mysql\lib\Connection.js:502:10)
    at emitOne (events.js:116:13)
    at Socket.emit (events.js:211:7)
    at addChunk (_stream_readable.js:263:12)
    --------------------
    at Protocol._enqueue (C:\Users\www22\Desktop\project\firstonce\node_modules\mysql\lib\protocol\Protocol.js:144:48)
    at PoolConnection.query (C:\Users\www22\Desktop\project\firstonce\node_modules\mysql\lib\Connection.js:200:25)
    at C:\Users\www22\Desktop\project\firstonce\module\userDao.js:20:24
    at C:\Users\www22\Desktop\project\firstonce\config\db.js:33:9
    at Ping.onOperationComplete (C:\Users\www22\Desktop\project\firstonce\node_modules\mysql\lib\Pool.js:110:5)
    at Ping.<anonymous> (C:\Users\www22\Desktop\project\firstonce\node_modules\mysql\lib\Connection.js:502:10)
    at Ping._callback (C:\Users\www22\Desktop\project\firstonce\node_modules\mysql\lib\Connection.js:468:16)
    at Ping.Sequence.end (C:\Users\www22\Desktop\project\firstonce\node_modules\mysql\lib\protocol\sequences\Sequence.js:83:24)
    at Ping.Sequence.OkPacket (C:\Users\www22\Desktop\project\firstonce\node_modules\mysql\lib\protocol\sequences\Sequence.js:92:8)
    at Protocol._parsePacket (C:\Users\www22\Desktop\project\firstonce\node_modules\mysql\lib\protocol\Protocol.js:278:23)
[2018-12-21T21:29:48.088] [INFO] runtime - { methed: 'getListDao',
  path: 'C:\\Users\\www22\\Desktop\\project\\firstonce\\module\\userDao.js' }
[2018-12-21T21:31:49.426] [INFO] runtime - { methed: 'getListDao',
  path: 'C:\\Users\\www22\\Desktop\\project\\firstonce\\module\\userDao.js' }
[2018-12-21T21:32:10.426] [INFO] runtime - { methed: 'getListDao',
  path: 'C:\\Users\\www22\\Desktop\\project\\firstonce\\module\\userDao.js' }
[2018-12-21T21:32:10.426] [ERROR] runtime - Error: ER_SP_UNDECLARED_VAR: Undeclared variable: NaN
    at Query.Sequence._packetToError (C:\Users\www22\Desktop\project\firstonce\node_modules\mysql\lib\protocol\sequences\Sequence.js:47:14)
    at Query.ErrorPacket (C:\Users\www22\Desktop\project\firstonce\node_modules\mysql\lib\protocol\sequences\Query.js:77:18)
    at Protocol._parsePacket (C:\Users\www22\Desktop\project\firstonce\node_modules\mysql\lib\protocol\Protocol.js:278:23)
    at Parser.write (C:\Users\www22\Desktop\project\firstonce\node_modules\mysql\lib\protocol\Parser.js:76:12)
    at Protocol.write (C:\Users\www22\Desktop\project\firstonce\node_modules\mysql\lib\protocol\Protocol.js:38:16)
    at Socket.<anonymous> (C:\Users\www22\Desktop\project\firstonce\node_modules\mysql\lib\Connection.js:91:28)
    at Socket.<anonymous> (C:\Users\www22\Desktop\project\firstonce\node_modules\mysql\lib\Connection.js:502:10)
    at emitOne (events.js:116:13)
    at Socket.emit (events.js:211:7)
    at addChunk (_stream_readable.js:263:12)
    --------------------
    at Protocol._enqueue (C:\Users\www22\Desktop\project\firstonce\node_modules\mysql\lib\protocol\Protocol.js:144:48)
    at PoolConnection.query (C:\Users\www22\Desktop\project\firstonce\node_modules\mysql\lib\Connection.js:200:25)
    at C:\Users\www22\Desktop\project\firstonce\module\userDao.js:20:24
    at C:\Users\www22\Desktop\project\firstonce\config\db.js:33:9
    at Ping.onOperationComplete (C:\Users\www22\Desktop\project\firstonce\node_modules\mysql\lib\Pool.js:110:5)
    at Ping.<anonymous> (C:\Users\www22\Desktop\project\firstonce\node_modules\mysql\lib\Connection.js:502:10)
    at Ping._callback (C:\Users\www22\Desktop\project\firstonce\node_modules\mysql\lib\Connection.js:468:16)
    at Ping.Sequence.end (C:\Users\www22\Desktop\project\firstonce\node_modules\mysql\lib\protocol\sequences\Sequence.js:83:24)
    at Ping.Sequence.OkPacket (C:\Users\www22\Desktop\project\firstonce\node_modules\mysql\lib\protocol\sequences\Sequence.js:92:8)
    at Protocol._parsePacket (C:\Users\www22\Desktop\project\firstonce\node_modules\mysql\lib\protocol\Protocol.js:278:23)
[2018-12-21T21:34:08.263] [INFO] runtime - { methed: 'getListDao',
  path: 'C:\\Users\\www22\\Desktop\\project\\firstonce\\module\\userDao.js' }
[2018-12-21T21:34:14.707] [INFO] runtime - { methed: 'getListDao',
  path: 'C:\\Users\\www22\\Desktop\\project\\firstonce\\module\\userDao.js' }
[2018-12-21T21:34:39.169] [INFO] runtime - { methed: 'getListDao',
  path: 'C:\\Users\\www22\\Desktop\\project\\firstonce\\module\\userDao.js' }
[2018-12-21T21:34:39.170] [ERROR] runtime - Error: ER_SP_UNDECLARED_VAR: Undeclared variable: NaN
    at Query.Sequence._packetToError (C:\Users\www22\Desktop\project\firstonce\node_modules\mysql\lib\protocol\sequences\Sequence.js:47:14)
    at Query.ErrorPacket (C:\Users\www22\Desktop\project\firstonce\node_modules\mysql\lib\protocol\sequences\Query.js:77:18)
    at Protocol._parsePacket (C:\Users\www22\Desktop\project\firstonce\node_modules\mysql\lib\protocol\Protocol.js:278:23)
    at Parser.write (C:\Users\www22\Desktop\project\firstonce\node_modules\mysql\lib\protocol\Parser.js:76:12)
    at Protocol.write (C:\Users\www22\Desktop\project\firstonce\node_modules\mysql\lib\protocol\Protocol.js:38:16)
    at Socket.<anonymous> (C:\Users\www22\Desktop\project\firstonce\node_modules\mysql\lib\Connection.js:91:28)
    at Socket.<anonymous> (C:\Users\www22\Desktop\project\firstonce\node_modules\mysql\lib\Connection.js:502:10)
    at emitOne (events.js:116:13)
    at Socket.emit (events.js:211:7)
    at addChunk (_stream_readable.js:263:12)
    --------------------
    at Protocol._enqueue (C:\Users\www22\Desktop\project\firstonce\node_modules\mysql\lib\protocol\Protocol.js:144:48)
    at PoolConnection.query (C:\Users\www22\Desktop\project\firstonce\node_modules\mysql\lib\Connection.js:200:25)
    at C:\Users\www22\Desktop\project\firstonce\module\userDao.js:20:24
    at C:\Users\www22\Desktop\project\firstonce\config\db.js:33:9
    at Ping.onOperationComplete (C:\Users\www22\Desktop\project\firstonce\node_modules\mysql\lib\Pool.js:110:5)
    at Ping.<anonymous> (C:\Users\www22\Desktop\project\firstonce\node_modules\mysql\lib\Connection.js:502:10)
    at Ping._callback (C:\Users\www22\Desktop\project\firstonce\node_modules\mysql\lib\Connection.js:468:16)
    at Ping.Sequence.end (C:\Users\www22\Desktop\project\firstonce\node_modules\mysql\lib\protocol\sequences\Sequence.js:83:24)
    at Ping.Sequence.OkPacket (C:\Users\www22\Desktop\project\firstonce\node_modules\mysql\lib\protocol\sequences\Sequence.js:92:8)
    at Protocol._parsePacket (C:\Users\www22\Desktop\project\firstonce\node_modules\mysql\lib\protocol\Protocol.js:278:23)
[2018-12-21T21:34:50.381] [INFO] runtime - { methed: 'getListDao',
  path: 'C:\\Users\\www22\\Desktop\\project\\firstonce\\module\\userDao.js' }
[2018-12-21T21:36:14.963] [INFO] runtime - connection as id 81
[2018-12-21T21:36:21.991] [INFO] runtime - { methed: 'getListDao',
  path: 'C:\\Users\\www22\\Desktop\\project\\firstonce\\module\\userDao.js' }
[2018-12-21T21:36:33.018] [INFO] runtime - { methed: 'checkUserName',
  path: 'C:\\Users\\www22\\Desktop\\project\\firstonce\\module\\userDao.js' }
[2018-12-21T21:38:35.203] [INFO] runtime - connection as id 83
[2018-12-21T21:38:45.817] [INFO] runtime - connection as id 84
[2018-12-21T21:38:55.497] [INFO] runtime - { methed: 'checkUserName',
  path: 'C:\\Users\\www22\\Desktop\\project\\firstonce\\module\\userDao.js' }
[2018-12-21T21:43:14.022] [INFO] runtime - connection as id 86
[2018-12-21T21:43:36.309] [INFO] runtime - connection as id 87
[2018-12-21T21:43:39.991] [INFO] runtime - { methed: 'checkUserName',
  path: 'C:\\Users\\www22\\Desktop\\project\\firstonce\\module\\userDao.js' }
[2018-12-21T21:44:45.402] [INFO] runtime - connection as id 89
[2018-12-21T21:45:05.556] [INFO] runtime - { methed: 'checkUserName',
  path: 'C:\\Users\\www22\\Desktop\\project\\firstonce\\module\\userDao.js' }
[2018-12-21T21:47:58.629] [INFO] runtime - connection as id 91
[2018-12-21T21:48:47.939] [INFO] runtime - connection as id 92
[2018-12-21T21:48:56.297] [INFO] runtime - { methed: 'checkUserName',
  path: 'C:\\Users\\www22\\Desktop\\project\\firstonce\\module\\userDao.js' }
[2018-12-21T21:49:50.212] [INFO] runtime - connection as id 94
[2018-12-21T21:50:02.044] [INFO] runtime - { methed: 'loginDao',
  path: 'C:\\Users\\www22\\Desktop\\project\\firstonce\\module\\userDao.js' }
[2018-12-21T21:50:05.775] [INFO] runtime - { methed: 'getListDao',
  path: 'C:\\Users\\www22\\Desktop\\project\\firstonce\\module\\userDao.js' }
[2018-12-21T21:50:14.089] [INFO] runtime - { methed: 'checkUserName',
  path: 'C:\\Users\\www22\\Desktop\\project\\firstonce\\module\\userDao.js' }
[2018-12-21T21:53:18.647] [INFO] runtime - connection as id 96
[2018-12-21T21:54:35.696] [INFO] runtime - connection as id 97
[2018-12-21T21:54:43.909] [INFO] runtime - { methed: 'loginDao',
  path: 'C:\\Users\\www22\\Desktop\\project\\firstonce\\module\\userDao.js' }
[2018-12-21T21:54:49.853] [INFO] runtime - { methed: 'getListDao',
  path: 'C:\\Users\\www22\\Desktop\\project\\firstonce\\module\\userDao.js' }
[2018-12-21T21:54:58.697] [INFO] runtime - { methed: 'checkUserName',
  path: 'C:\\Users\\www22\\Desktop\\project\\firstonce\\module\\userDao.js' }
[2018-12-21T21:55:59.305] [INFO] runtime - connection as id 99
[2018-12-21T21:56:05.258] [INFO] runtime - { methed: 'checkUserName',
  path: 'C:\\Users\\www22\\Desktop\\project\\firstonce\\module\\userDao.js' }
[2018-12-21T21:58:48.478] [INFO] runtime - connection as id 101
[2018-12-21T21:59:07.123] [INFO] runtime - { methed: 'checkUserName',
  path: 'C:\\Users\\www22\\Desktop\\project\\firstonce\\module\\userDao.js' }
[2018-12-21T21:59:20.728] [INFO] runtime - { methed: 'checkUserName',
  path: 'C:\\Users\\www22\\Desktop\\project\\firstonce\\module\\userDao.js' }
[2018-12-21T22:00:09.020] [INFO] runtime - connection as id 103
[2018-12-21T22:01:29.879] [INFO] runtime - connection as id 104
[2018-12-21T22:01:39.029] [INFO] runtime - { methed: 'checkUserName',
  path: 'C:\\Users\\www22\\Desktop\\project\\firstonce\\module\\userDao.js' }
[2018-12-21T22:02:35.236] [INFO] runtime - connection as id 106
[2018-12-21T22:02:41.200] [INFO] runtime - { methed: 'checkUserName',
  path: 'C:\\Users\\www22\\Desktop\\project\\firstonce\\module\\userDao.js' }
[2018-12-21T22:03:33.672] [INFO] runtime - connection as id 108
[2018-12-21T22:03:47.118] [INFO] runtime - connection as id 109
[2018-12-21T22:04:03.399] [INFO] runtime - { methed: 'checkUserName',
  path: 'C:\\Users\\www22\\Desktop\\project\\firstonce\\module\\userDao.js' }
[2018-12-21T22:04:03.576] [INFO] runtime - { methed: 'addUserDao',
  path: 'C:\\Users\\www22\\Desktop\\project\\firstonce\\module\\userDao.js' }
[2018-12-21T22:04:35.375] [INFO] runtime - { methed: 'getListDao',
  path: 'C:\\Users\\www22\\Desktop\\project\\firstonce\\module\\userDao.js' }
[2018-12-21T22:06:47.108] [INFO] runtime - { methed: 'getListDao',
  path: 'C:\\Users\\www22\\Desktop\\project\\firstonce\\module\\userDao.js' }
[2018-12-21T22:07:09.340] [INFO] runtime - { methed: 'getListDao',
  path: 'C:\\Users\\www22\\Desktop\\project\\firstonce\\module\\userDao.js' }
[2018-12-21T22:07:34.593] [INFO] runtime - { methed: 'getListDao',
  path: 'C:\\Users\\www22\\Desktop\\project\\firstonce\\module\\userDao.js' }
[2018-12-21T22:08:49.146] [INFO] runtime - { methed: 'getListDao',
  path: 'C:\\Users\\www22\\Desktop\\project\\firstonce\\module\\userDao.js' }
[2018-12-21T22:09:35.201] [INFO] runtime - { methed: 'getListDao',
  path: 'C:\\Users\\www22\\Desktop\\project\\firstonce\\module\\userDao.js' }
[2018-12-21T22:10:52.452] [INFO] runtime - { methed: 'getListDao',
  path: 'C:\\Users\\www22\\Desktop\\project\\firstonce\\module\\userDao.js' }
[2018-12-21T22:10:59.596] [INFO] runtime - { methed: 'getListDao',
  path: 'C:\\Users\\www22\\Desktop\\project\\firstonce\\module\\userDao.js' }
[2018-12-21T22:11:20.354] [INFO] runtime - { methed: 'checkUserName',
  path: 'C:\\Users\\www22\\Desktop\\project\\firstonce\\module\\userDao.js' }
[2018-12-21T22:11:20.439] [INFO] runtime - { methed: 'addUserDao',
  path: 'C:\\Users\\www22\\Desktop\\project\\firstonce\\module\\userDao.js' }
[2018-12-21T22:11:20.685] [INFO] runtime - { methed: 'getListDao',
  path: 'C:\\Users\\www22\\Desktop\\project\\firstonce\\module\\userDao.js' }
[2018-12-21T22:11:40.431] [INFO] runtime - { methed: 'checkUserName',
  path: 'C:\\Users\\www22\\Desktop\\project\\firstonce\\module\\userDao.js' }
[2018-12-21T22:12:00.430] [INFO] runtime - { methed: 'getListDao',
  path: 'C:\\Users\\www22\\Desktop\\project\\firstonce\\module\\userDao.js' }
[2018-12-21T22:12:14.182] [INFO] runtime - { methed: 'checkUserName',
  path: 'C:\\Users\\www22\\Desktop\\project\\firstonce\\module\\userDao.js' }
[2018-12-21T22:12:18.522] [INFO] runtime - { methed: 'checkUserName',
  path: 'C:\\Users\\www22\\Desktop\\project\\firstonce\\module\\userDao.js' }
[2018-12-21T22:12:22.244] [INFO] runtime - { methed: 'checkUserName',
  path: 'C:\\Users\\www22\\Desktop\\project\\firstonce\\module\\userDao.js' }
[2018-12-21T22:12:25.803] [INFO] runtime - { methed: 'checkUserName',
  path: 'C:\\Users\\www22\\Desktop\\project\\firstonce\\module\\userDao.js' }
[2018-12-21T22:12:36.612] [INFO] runtime - { methed: 'checkUserName',
  path: 'C:\\Users\\www22\\Desktop\\project\\firstonce\\module\\userDao.js' }
[2018-12-21T22:12:41.318] [INFO] runtime - { methed: 'checkUserName',
  path: 'C:\\Users\\www22\\Desktop\\project\\firstonce\\module\\userDao.js' }
[2018-12-21T22:12:41.404] [INFO] runtime - { methed: 'addUserDao',
  path: 'C:\\Users\\www22\\Desktop\\project\\firstonce\\module\\userDao.js' }
[2018-12-21T22:12:41.620] [INFO] runtime - { methed: 'getListDao',
  path: 'C:\\Users\\www22\\Desktop\\project\\firstonce\\module\\userDao.js' }
[2018-12-21T22:29:28.619] [INFO] runtime - connection as id 111
[2018-12-21T22:29:41.801] [INFO] runtime - connection as id 112
[2018-12-21T22:31:31.883] [INFO] runtime - connection as id 113
[2018-12-21T22:32:56.410] [INFO] runtime - connection as id 114
[2018-12-21T22:33:09.135] [INFO] runtime - connection as id 115
[2018-12-21T22:33:25.319] [INFO] runtime - connection as id 116
[2018-12-21T22:33:35.019] [INFO] runtime - connection as id 117
[2018-12-21T22:33:45.435] [INFO] runtime - connection as id 118
[2018-12-21T22:34:21.947] [INFO] runtime - connection as id 119
[2018-12-21T22:34:39.176] [INFO] runtime - connection as id 120
[2018-12-21T22:34:55.177] [INFO] runtime - connection as id 121
[2018-12-21T22:35:07.158] [INFO] runtime - connection as id 122
[2018-12-21T22:36:52.816] [INFO] runtime - connection as id 123
[2018-12-21T22:36:58.044] [INFO] runtime - connection as id 124
