[2018-12-25T21:06:28.623] [INFO] http - { method: '/menuAndElement',
  path: 'C:\\Users\\www22\\Desktop\\project\\firstonce\\routes\\api\\menuController.js' }
[2018-12-25T21:06:28.627] [INFO] http - { method: '/menuAndElement',
  path: 'C:\\Users\\www22\\Desktop\\project\\firstonce\\routes\\api\\menuController.js' }
[2018-12-25T21:06:28.895] [INFO] http - { method: '/menuAndElement',
  path: 'C:\\Users\\www22\\Desktop\\project\\firstonce\\routes\\api\\menuController.js' }
[2018-12-25T21:06:29.022] [INFO] http - { method: '/menusTree',
  path: 'C:\\Users\\www22\\Desktop\\project\\firstonce\\routes\\api\\menuController.js' }
[2018-12-25T21:06:29.107] [INFO] http - { method: '/getElementList',
  path: 'C:\\Users\\www22\\Desktop\\project\\firstonce\\routes\\api\\menuController.js' }
[2018-12-25T21:06:31.109] [INFO] http - { method: '/getElementList',
  path: 'C:\\Users\\www22\\Desktop\\project\\firstonce\\routes\\api\\menuController.js' }
[2018-12-25T21:06:39.216] [INFO] http - { method: '/menusTree',
  path: 'C:\\Users\\www22\\Desktop\\project\\firstonce\\routes\\api\\menuController.js' }
[2018-12-25T21:10:04.663] [INFO] http - { method: '/menuAndElement',
  path: 'C:\\Users\\www22\\Desktop\\project\\firstonce\\routes\\api\\menuController.js' }
[2018-12-25T21:10:04.667] [INFO] http - { method: '/menuAndElement',
  path: 'C:\\Users\\www22\\Desktop\\project\\firstonce\\routes\\api\\menuController.js' }
[2018-12-25T21:10:04.846] [INFO] http - { method: '/menuAndElement',
  path: 'C:\\Users\\www22\\Desktop\\project\\firstonce\\routes\\api\\menuController.js' }
[2018-12-25T21:10:04.982] [INFO] http - { method: '/menusTree',
  path: 'C:\\Users\\www22\\Desktop\\project\\firstonce\\routes\\api\\menuController.js' }
[2018-12-25T21:10:05.070] [INFO] http - { method: '/getElementList',
  path: 'C:\\Users\\www22\\Desktop\\project\\firstonce\\routes\\api\\menuController.js' }
[2018-12-25T21:10:15.586] [INFO] http - { method: '/getElementList',
  path: 'C:\\Users\\www22\\Desktop\\project\\firstonce\\routes\\api\\menuController.js' }
[2018-12-25T21:10:21.972] [INFO] http - { method: '/menusTree',
  path: 'C:\\Users\\www22\\Desktop\\project\\firstonce\\routes\\api\\menuController.js' }
[2018-12-25T21:12:33.709] [INFO] http - { method: '/menusTree',
  path: 'C:\\Users\\www22\\Desktop\\project\\firstonce\\routes\\api\\menuController.js' }
[2018-12-25T21:12:33.771] [INFO] http - { method: '/getElementList',
  path: 'C:\\Users\\www22\\Desktop\\project\\firstonce\\routes\\api\\menuController.js' }
[2018-12-25T21:12:35.898] [INFO] http - { method: '/getElementList',
  path: 'C:\\Users\\www22\\Desktop\\project\\firstonce\\routes\\api\\menuController.js' }
[2018-12-25T21:12:41.010] [INFO] http - { method: '/updateMenu',
  path: 'C:\\Users\\www22\\Desktop\\project\\firstonce\\routes\\api\\menuController.js' }
[2018-12-25T21:12:41.023] [INFO] http - { method: '/menusTree',
  path: 'C:\\Users\\www22\\Desktop\\project\\firstonce\\routes\\api\\menuController.js' }
[2018-12-25T21:14:11.625] [INFO] http - { method: '/updateMenu',
  path: 'C:\\Users\\www22\\Desktop\\project\\firstonce\\routes\\api\\menuController.js' }
[2018-12-25T21:14:16.204] [INFO] http - { method: '/getElementList',
  path: 'C:\\Users\\www22\\Desktop\\project\\firstonce\\routes\\api\\menuController.js' }
[2018-12-25T21:14:19.639] [INFO] http - { method: '/updateMenu',
  path: 'C:\\Users\\www22\\Desktop\\project\\firstonce\\routes\\api\\menuController.js' }
[2018-12-25T21:14:22.996] [INFO] http - { method: '/menuAndElement',
  path: 'C:\\Users\\www22\\Desktop\\project\\firstonce\\routes\\api\\menuController.js' }
[2018-12-25T21:14:22.998] [INFO] http - { method: '/menuAndElement',
  path: 'C:\\Users\\www22\\Desktop\\project\\firstonce\\routes\\api\\menuController.js' }
[2018-12-25T21:14:23.192] [INFO] http - { method: '/menuAndElement',
  path: 'C:\\Users\\www22\\Desktop\\project\\firstonce\\routes\\api\\menuController.js' }
[2018-12-25T21:14:23.320] [INFO] http - { method: '/menusTree',
  path: 'C:\\Users\\www22\\Desktop\\project\\firstonce\\routes\\api\\menuController.js' }
[2018-12-25T21:14:23.395] [INFO] http - { method: '/getElementList',
  path: 'C:\\Users\\www22\\Desktop\\project\\firstonce\\routes\\api\\menuController.js' }
[2018-12-25T21:14:25.312] [INFO] http - { method: '/getElementList',
  path: 'C:\\Users\\www22\\Desktop\\project\\firstonce\\routes\\api\\menuController.js' }
[2018-12-25T21:14:37.463] [INFO] http - { method: '/updateMenu',
  path: 'C:\\Users\\www22\\Desktop\\project\\firstonce\\routes\\api\\menuController.js' }
[2018-12-25T21:14:40.990] [INFO] http - { method: '/updateMenu',
  path: 'C:\\Users\\www22\\Desktop\\project\\firstonce\\routes\\api\\menuController.js' }
[2018-12-25T21:14:49.021] [INFO] http - { method: '/updateMenu',
  path: 'C:\\Users\\www22\\Desktop\\project\\firstonce\\routes\\api\\menuController.js' }
[2018-12-25T21:14:52.566] [INFO] http - { method: '/updateMenu',
  path: 'C:\\Users\\www22\\Desktop\\project\\firstonce\\routes\\api\\menuController.js' }
[2018-12-25T21:14:54.006] [INFO] http - { method: '/updateMenu',
  path: 'C:\\Users\\www22\\Desktop\\project\\firstonce\\routes\\api\\menuController.js' }
[2018-12-25T21:15:32.755] [INFO] http - { method: '/updateMenu',
  path: 'C:\\Users\\www22\\Desktop\\project\\firstonce\\routes\\api\\menuController.js' }
[2018-12-25T21:15:32.764] [INFO] http - { method: '/updateMenu',
  path: 'C:\\Users\\www22\\Desktop\\project\\firstonce\\routes\\api\\menuController.js' }
[2018-12-25T21:15:32.766] [INFO] http - { method: '/updateMenu',
  path: 'C:\\Users\\www22\\Desktop\\project\\firstonce\\routes\\api\\menuController.js' }
[2018-12-25T21:15:32.767] [INFO] http - { method: '/menusTree',
  path: 'C:\\Users\\www22\\Desktop\\project\\firstonce\\routes\\api\\menuController.js' }
[2018-12-25T21:15:32.795] [INFO] http - { method: '/menusTree',
  path: 'C:\\Users\\www22\\Desktop\\project\\firstonce\\routes\\api\\menuController.js' }
[2018-12-25T21:15:32.802] [INFO] http - { method: '/menusTree',
  path: 'C:\\Users\\www22\\Desktop\\project\\firstonce\\routes\\api\\menuController.js' }
[2018-12-25T21:15:32.821] [INFO] http - { method: '/menusTree',
  path: 'C:\\Users\\www22\\Desktop\\project\\firstonce\\routes\\api\\menuController.js' }
[2018-12-25T21:15:32.827] [INFO] http - { method: '/menusTree',
  path: 'C:\\Users\\www22\\Desktop\\project\\firstonce\\routes\\api\\menuController.js' }
[2018-12-25T21:15:58.013] [INFO] http - { method: '/menusTree',
  path: 'C:\\Users\\www22\\Desktop\\project\\firstonce\\routes\\api\\menuController.js' }
[2018-12-25T21:15:58.031] [INFO] http - { method: '/menusTree',
  path: 'C:\\Users\\www22\\Desktop\\project\\firstonce\\routes\\api\\menuController.js' }
[2018-12-25T21:15:58.040] [INFO] http - { method: '/menusTree',
  path: 'C:\\Users\\www22\\Desktop\\project\\firstonce\\routes\\api\\menuController.js' }
[2018-12-25T21:17:18.143] [INFO] http - { method: '/getElementList',
  path: 'C:\\Users\\www22\\Desktop\\project\\firstonce\\routes\\api\\menuController.js' }
[2018-12-25T21:17:27.005] [INFO] http - { method: '/updateMenu',
  path: 'C:\\Users\\www22\\Desktop\\project\\firstonce\\routes\\api\\menuController.js' }
[2018-12-25T21:17:27.218] [INFO] http - { method: '/menusTree',
  path: 'C:\\Users\\www22\\Desktop\\project\\firstonce\\routes\\api\\menuController.js' }
[2018-12-25T21:17:31.945] [INFO] http - { method: '/menuAndElement',
  path: 'C:\\Users\\www22\\Desktop\\project\\firstonce\\routes\\api\\menuController.js' }
[2018-12-25T21:17:31.948] [INFO] http - { method: '/menuAndElement',
  path: 'C:\\Users\\www22\\Desktop\\project\\firstonce\\routes\\api\\menuController.js' }
[2018-12-25T21:17:32.104] [INFO] http - { method: '/menuAndElement',
  path: 'C:\\Users\\www22\\Desktop\\project\\firstonce\\routes\\api\\menuController.js' }
[2018-12-25T21:17:32.224] [INFO] http - { method: '/menusTree',
  path: 'C:\\Users\\www22\\Desktop\\project\\firstonce\\routes\\api\\menuController.js' }
[2018-12-25T21:17:32.301] [INFO] http - { method: '/getElementList',
  path: 'C:\\Users\\www22\\Desktop\\project\\firstonce\\routes\\api\\menuController.js' }
[2018-12-25T21:17:37.071] [INFO] http - { method: '/getElementList',
  path: 'C:\\Users\\www22\\Desktop\\project\\firstonce\\routes\\api\\menuController.js' }
[2018-12-25T21:17:42.518] [INFO] http - { method: '/deleteMenu',
  path: 'C:\\Users\\www22\\Desktop\\project\\firstonce\\routes\\api\\menuController.js' }
[2018-12-25T21:17:42.815] [INFO] http - { method: '/menusTree',
  path: 'C:\\Users\\www22\\Desktop\\project\\firstonce\\routes\\api\\menuController.js' }
[2018-12-25T21:17:56.230] [INFO] http - { method: '/getElementList',
  path: 'C:\\Users\\www22\\Desktop\\project\\firstonce\\routes\\api\\menuController.js' }
[2018-12-25T21:18:39.499] [INFO] http - { method: '/getElementList',
  path: 'C:\\Users\\www22\\Desktop\\project\\firstonce\\routes\\api\\menuController.js' }
[2018-12-25T21:18:40.637] [INFO] http - { method: '/getElementList',
  path: 'C:\\Users\\www22\\Desktop\\project\\firstonce\\routes\\api\\menuController.js' }
[2018-12-25T21:18:41.574] [INFO] http - { method: '/getElementList',
  path: 'C:\\Users\\www22\\Desktop\\project\\firstonce\\routes\\api\\menuController.js' }
[2018-12-25T21:18:42.249] [INFO] http - { method: '/getElementList',
  path: 'C:\\Users\\www22\\Desktop\\project\\firstonce\\routes\\api\\menuController.js' }
[2018-12-25T21:18:43.651] [INFO] http - { method: '/getElementList',
  path: 'C:\\Users\\www22\\Desktop\\project\\firstonce\\routes\\api\\menuController.js' }
[2018-12-25T21:18:45.445] [INFO] http - { method: '/getElementList',
  path: 'C:\\Users\\www22\\Desktop\\project\\firstonce\\routes\\api\\menuController.js' }
[2018-12-25T21:24:55.307] [INFO] http - { method: '/getElementList',
  path: 'C:\\Users\\www22\\Desktop\\project\\firstonce\\routes\\api\\menuController.js' }
[2018-12-25T21:24:58.494] [INFO] http - { method: '/getElementList',
  path: 'C:\\Users\\www22\\Desktop\\project\\firstonce\\routes\\api\\menuController.js' }
[2018-12-25T21:25:00.223] [INFO] http - { method: '/getElementList',
  path: 'C:\\Users\\www22\\Desktop\\project\\firstonce\\routes\\api\\menuController.js' }
[2018-12-25T21:25:23.076] [INFO] http - { method: '/getElementList',
  path: 'C:\\Users\\www22\\Desktop\\project\\firstonce\\routes\\api\\menuController.js' }
[2018-12-25T21:25:24.575] [INFO] http - { method: '/getElementList',
  path: 'C:\\Users\\www22\\Desktop\\project\\firstonce\\routes\\api\\menuController.js' }
[2018-12-25T21:25:25.607] [INFO] http - { method: '/getElementList',
  path: 'C:\\Users\\www22\\Desktop\\project\\firstonce\\routes\\api\\menuController.js' }
[2018-12-25T21:25:26.577] [INFO] http - { method: '/getElementList',
  path: 'C:\\Users\\www22\\Desktop\\project\\firstonce\\routes\\api\\menuController.js' }
[2018-12-25T21:25:28.047] [INFO] http - { method: '/getElementList',
  path: 'C:\\Users\\www22\\Desktop\\project\\firstonce\\routes\\api\\menuController.js' }
[2018-12-25T21:25:28.665] [INFO] http - { method: '/getElementList',
  path: 'C:\\Users\\www22\\Desktop\\project\\firstonce\\routes\\api\\menuController.js' }
[2018-12-25T21:25:30.149] [INFO] http - { method: '/getElementList',
  path: 'C:\\Users\\www22\\Desktop\\project\\firstonce\\routes\\api\\menuController.js' }
[2018-12-25T21:28:34.653] [INFO] http - { method: '/getElementList',
  path: 'C:\\Users\\www22\\Desktop\\project\\firstonce\\routes\\api\\menuController.js' }
[2018-12-25T21:46:32.979] [INFO] http - { method: '/getElementList',
  path: 'C:\\Users\\www22\\Desktop\\project\\firstonce\\routes\\api\\menuController.js' }
[2018-12-25T21:46:37.395] [INFO] http - { method: '/menuAndElement',
  path: 'C:\\Users\\www22\\Desktop\\project\\firstonce\\routes\\api\\menuController.js' }
[2018-12-25T21:46:37.397] [INFO] http - { method: '/menuAndElement',
  path: 'C:\\Users\\www22\\Desktop\\project\\firstonce\\routes\\api\\menuController.js' }
[2018-12-25T21:46:37.605] [INFO] http - { method: '/menuAndElement',
  path: 'C:\\Users\\www22\\Desktop\\project\\firstonce\\routes\\api\\menuController.js' }
[2018-12-25T21:46:37.740] [INFO] http - { method: '/menusTree',
  path: 'C:\\Users\\www22\\Desktop\\project\\firstonce\\routes\\api\\menuController.js' }
[2018-12-25T21:46:37.812] [INFO] http - { method: '/getElementList',
  path: 'C:\\Users\\www22\\Desktop\\project\\firstonce\\routes\\api\\menuController.js' }
[2018-12-25T21:46:39.714] [INFO] http - { method: '/getElementList',
  path: 'C:\\Users\\www22\\Desktop\\project\\firstonce\\routes\\api\\menuController.js' }
[2018-12-25T21:46:43.997] [INFO] http - { method: '/getElementList',
  path: 'C:\\Users\\www22\\Desktop\\project\\firstonce\\routes\\api\\menuController.js' }
[2018-12-25T21:46:46.011] [INFO] http - { method: '/getElementList',
  path: 'C:\\Users\\www22\\Desktop\\project\\firstonce\\routes\\api\\menuController.js' }
[2018-12-25T21:46:50.367] [INFO] http - { method: '/getElementList',
  path: 'C:\\Users\\www22\\Desktop\\project\\firstonce\\routes\\api\\menuController.js' }
[2018-12-25T21:47:02.313] [INFO] http - { method: '/getElementList',
  path: 'C:\\Users\\www22\\Desktop\\project\\firstonce\\routes\\api\\menuController.js' }
[2018-12-25T21:47:02.970] [INFO] http - { method: '/getElementList',
  path: 'C:\\Users\\www22\\Desktop\\project\\firstonce\\routes\\api\\menuController.js' }
[2018-12-25T21:47:03.175] [INFO] http - { method: '/getElementList',
  path: 'C:\\Users\\www22\\Desktop\\project\\firstonce\\routes\\api\\menuController.js' }
[2018-12-25T21:47:03.392] [INFO] http - { method: '/getElementList',
  path: 'C:\\Users\\www22\\Desktop\\project\\firstonce\\routes\\api\\menuController.js' }
[2018-12-25T21:47:03.590] [INFO] http - { method: '/getElementList',
  path: 'C:\\Users\\www22\\Desktop\\project\\firstonce\\routes\\api\\menuController.js' }
[2018-12-25T21:47:03.806] [INFO] http - { method: '/getElementList',
  path: 'C:\\Users\\www22\\Desktop\\project\\firstonce\\routes\\api\\menuController.js' }
[2018-12-25T21:47:04.447] [INFO] http - { method: '/getElementList',
  path: 'C:\\Users\\www22\\Desktop\\project\\firstonce\\routes\\api\\menuController.js' }
[2018-12-25T21:47:06.796] [INFO] http - { method: '/getElementList',
  path: 'C:\\Users\\www22\\Desktop\\project\\firstonce\\routes\\api\\menuController.js' }
[2018-12-25T21:47:09.896] [INFO] http - { method: '/getElementList',
  path: 'C:\\Users\\www22\\Desktop\\project\\firstonce\\routes\\api\\menuController.js' }
[2018-12-25T21:48:00.330] [INFO] http - { method: '/menuAndElement',
  path: 'C:\\Users\\www22\\Desktop\\project\\firstonce\\routes\\api\\menuController.js' }
[2018-12-25T21:48:00.337] [INFO] http - { method: '/menuAndElement',
  path: 'C:\\Users\\www22\\Desktop\\project\\firstonce\\routes\\api\\menuController.js' }
[2018-12-25T21:48:00.504] [INFO] http - { method: '/menuAndElement',
  path: 'C:\\Users\\www22\\Desktop\\project\\firstonce\\routes\\api\\menuController.js' }
[2018-12-25T21:48:00.652] [INFO] http - { method: '/menusTree',
  path: 'C:\\Users\\www22\\Desktop\\project\\firstonce\\routes\\api\\menuController.js' }
[2018-12-25T21:48:00.727] [INFO] http - { method: '/getElementList',
  path: 'C:\\Users\\www22\\Desktop\\project\\firstonce\\routes\\api\\menuController.js' }
[2018-12-25T21:48:02.367] [INFO] http - { method: '/getElementList',
  path: 'C:\\Users\\www22\\Desktop\\project\\firstonce\\routes\\api\\menuController.js' }
[2018-12-25T21:48:14.572] [INFO] http - { method: '/getElementList',
  path: 'C:\\Users\\www22\\Desktop\\project\\firstonce\\routes\\api\\menuController.js' }
[2018-12-25T21:48:15.441] [INFO] http - { method: '/getElementList',
  path: 'C:\\Users\\www22\\Desktop\\project\\firstonce\\routes\\api\\menuController.js' }
[2018-12-25T21:48:15.945] [INFO] http - { method: '/getElementList',
  path: 'C:\\Users\\www22\\Desktop\\project\\firstonce\\routes\\api\\menuController.js' }
[2018-12-25T21:48:16.144] [INFO] http - { method: '/getElementList',
  path: 'C:\\Users\\www22\\Desktop\\project\\firstonce\\routes\\api\\menuController.js' }
[2018-12-25T21:48:16.382] [INFO] http - { method: '/getElementList',
  path: 'C:\\Users\\www22\\Desktop\\project\\firstonce\\routes\\api\\menuController.js' }
[2018-12-25T21:48:18.550] [INFO] http - { method: '/getElementList',
  path: 'C:\\Users\\www22\\Desktop\\project\\firstonce\\routes\\api\\menuController.js' }
[2018-12-25T21:48:19.271] [INFO] http - { method: '/getElementList',
  path: 'C:\\Users\\www22\\Desktop\\project\\firstonce\\routes\\api\\menuController.js' }
[2018-12-25T21:48:19.967] [INFO] http - { method: '/getElementList',
  path: 'C:\\Users\\www22\\Desktop\\project\\firstonce\\routes\\api\\menuController.js' }
[2018-12-25T21:49:14.068] [INFO] http - { method: '/getElementList',
  path: 'C:\\Users\\www22\\Desktop\\project\\firstonce\\routes\\api\\menuController.js' }
[2018-12-25T21:49:14.591] [INFO] http - { method: '/getElementList',
  path: 'C:\\Users\\www22\\Desktop\\project\\firstonce\\routes\\api\\menuController.js' }
[2018-12-25T21:49:14.823] [INFO] http - { method: '/getElementList',
  path: 'C:\\Users\\www22\\Desktop\\project\\firstonce\\routes\\api\\menuController.js' }
[2018-12-25T21:49:15.255] [INFO] http - { method: '/getElementList',
  path: 'C:\\Users\\www22\\Desktop\\project\\firstonce\\routes\\api\\menuController.js' }
[2018-12-25T21:49:15.486] [INFO] http - { method: '/getElementList',
  path: 'C:\\Users\\www22\\Desktop\\project\\firstonce\\routes\\api\\menuController.js' }
[2018-12-25T21:49:15.964] [INFO] http - { method: '/getElementList',
  path: 'C:\\Users\\www22\\Desktop\\project\\firstonce\\routes\\api\\menuController.js' }
[2018-12-25T21:49:16.213] [INFO] http - { method: '/getElementList',
  path: 'C:\\Users\\www22\\Desktop\\project\\firstonce\\routes\\api\\menuController.js' }
[2018-12-25T21:49:16.573] [INFO] http - { method: '/getElementList',
  path: 'C:\\Users\\www22\\Desktop\\project\\firstonce\\routes\\api\\menuController.js' }
[2018-12-25T21:49:16.891] [INFO] http - { method: '/getElementList',
  path: 'C:\\Users\\www22\\Desktop\\project\\firstonce\\routes\\api\\menuController.js' }
[2018-12-25T21:49:17.237] [INFO] http - { method: '/getElementList',
  path: 'C:\\Users\\www22\\Desktop\\project\\firstonce\\routes\\api\\menuController.js' }
[2018-12-25T21:49:17.697] [INFO] http - { method: '/getElementList',
  path: 'C:\\Users\\www22\\Desktop\\project\\firstonce\\routes\\api\\menuController.js' }
[2018-12-25T21:49:17.998] [INFO] http - { method: '/getElementList',
  path: 'C:\\Users\\www22\\Desktop\\project\\firstonce\\routes\\api\\menuController.js' }
[2018-12-25T21:49:18.955] [INFO] http - { method: '/getElementList',
  path: 'C:\\Users\\www22\\Desktop\\project\\firstonce\\routes\\api\\menuController.js' }
[2018-12-25T21:49:19.400] [INFO] http - { method: '/getElementList',
  path: 'C:\\Users\\www22\\Desktop\\project\\firstonce\\routes\\api\\menuController.js' }
[2018-12-25T21:49:19.875] [INFO] http - { method: '/getElementList',
  path: 'C:\\Users\\www22\\Desktop\\project\\firstonce\\routes\\api\\menuController.js' }
[2018-12-25T21:49:20.793] [INFO] http - { method: '/getElementList',
  path: 'C:\\Users\\www22\\Desktop\\project\\firstonce\\routes\\api\\menuController.js' }
[2018-12-25T21:49:21.871] [INFO] http - { method: '/getElementList',
  path: 'C:\\Users\\www22\\Desktop\\project\\firstonce\\routes\\api\\menuController.js' }
[2018-12-25T21:49:22.505] [INFO] http - { method: '/getElementList',
  path: 'C:\\Users\\www22\\Desktop\\project\\firstonce\\routes\\api\\menuController.js' }
[2018-12-25T21:49:25.150] [INFO] http - { method: '/getElementList',
  path: 'C:\\Users\\www22\\Desktop\\project\\firstonce\\routes\\api\\menuController.js' }
[2018-12-25T21:49:28.005] [INFO] http - { method: '/getElementList',
  path: 'C:\\Users\\www22\\Desktop\\project\\firstonce\\routes\\api\\menuController.js' }
[2018-12-25T21:49:31.013] [INFO] http - { method: '/getElementList',
  path: 'C:\\Users\\www22\\Desktop\\project\\firstonce\\routes\\api\\menuController.js' }
[2018-12-25T21:50:15.864] [INFO] http - { method: '/userList',
  path: 'C:\\Users\\www22\\Desktop\\project\\firstonce\\routes\\api\\userController.js' }
[2018-12-25T21:50:17.171] [INFO] http - { method: '/menusTree',
  path: 'C:\\Users\\www22\\Desktop\\project\\firstonce\\routes\\api\\menuController.js' }
[2018-12-25T21:50:17.172] [INFO] http - { method: '/getElementList',
  path: 'C:\\Users\\www22\\Desktop\\project\\firstonce\\routes\\api\\menuController.js' }
[2018-12-25T21:50:19.826] [INFO] http - { method: '/getElementList',
  path: 'C:\\Users\\www22\\Desktop\\project\\firstonce\\routes\\api\\menuController.js' }
[2018-12-25T21:50:20.625] [INFO] http - { method: '/getElementList',
  path: 'C:\\Users\\www22\\Desktop\\project\\firstonce\\routes\\api\\menuController.js' }
[2018-12-25T21:50:22.584] [INFO] http - { method: '/getElementList',
  path: 'C:\\Users\\www22\\Desktop\\project\\firstonce\\routes\\api\\menuController.js' }
[2018-12-25T21:50:23.143] [INFO] http - { method: '/getElementList',
  path: 'C:\\Users\\www22\\Desktop\\project\\firstonce\\routes\\api\\menuController.js' }
[2018-12-25T21:51:04.278] [INFO] http - { method: '/getElementList',
  path: 'C:\\Users\\www22\\Desktop\\project\\firstonce\\routes\\api\\menuController.js' }
[2018-12-25T21:51:06.984] [INFO] http - { method: '/getElementList',
  path: 'C:\\Users\\www22\\Desktop\\project\\firstonce\\routes\\api\\menuController.js' }
[2018-12-25T21:51:08.082] [INFO] http - { method: '/getElementList',
  path: 'C:\\Users\\www22\\Desktop\\project\\firstonce\\routes\\api\\menuController.js' }
[2018-12-25T21:51:09.225] [INFO] http - { method: '/getElementList',
  path: 'C:\\Users\\www22\\Desktop\\project\\firstonce\\routes\\api\\menuController.js' }
[2018-12-25T21:51:25.476] [INFO] http - { method: '/getElementList',
  path: 'C:\\Users\\www22\\Desktop\\project\\firstonce\\routes\\api\\menuController.js' }
[2018-12-25T21:52:21.131] [INFO] http - { method: '/getElementList',
  path: 'C:\\Users\\www22\\Desktop\\project\\firstonce\\routes\\api\\menuController.js' }
[2018-12-25T21:52:25.666] [INFO] http - { method: '/getElementList',
  path: 'C:\\Users\\www22\\Desktop\\project\\firstonce\\routes\\api\\menuController.js' }
[2018-12-25T21:54:58.018] [INFO] http - { method: '/getElementList',
  path: 'C:\\Users\\www22\\Desktop\\project\\firstonce\\routes\\api\\menuController.js' }
[2018-12-25T21:55:04.561] [INFO] http - { method: '/getElementList',
  path: 'C:\\Users\\www22\\Desktop\\project\\firstonce\\routes\\api\\menuController.js' }
[2018-12-25T21:55:07.346] [INFO] http - { method: '/getElementList',
  path: 'C:\\Users\\www22\\Desktop\\project\\firstonce\\routes\\api\\menuController.js' }
[2018-12-25T21:55:10.073] [INFO] http - { method: '/getElementList',
  path: 'C:\\Users\\www22\\Desktop\\project\\firstonce\\routes\\api\\menuController.js' }
[2018-12-25T21:55:12.656] [INFO] http - { method: '/getElementList',
  path: 'C:\\Users\\www22\\Desktop\\project\\firstonce\\routes\\api\\menuController.js' }
[2018-12-25T21:55:30.097] [INFO] http - { method: '/getElementList',
  path: 'C:\\Users\\www22\\Desktop\\project\\firstonce\\routes\\api\\menuController.js' }
[2018-12-25T21:55:48.692] [INFO] http - { method: '/getElementList',
  path: 'C:\\Users\\www22\\Desktop\\project\\firstonce\\routes\\api\\menuController.js' }
[2018-12-25T21:55:52.258] [INFO] http - { method: '/getElementList',
  path: 'C:\\Users\\www22\\Desktop\\project\\firstonce\\routes\\api\\menuController.js' }
[2018-12-25T21:56:25.095] [INFO] http - { method: '/userList',
  path: 'C:\\Users\\www22\\Desktop\\project\\firstonce\\routes\\api\\userController.js' }
[2018-12-25T21:57:10.490] [INFO] http - { method: '/menusTree',
  path: 'C:\\Users\\www22\\Desktop\\project\\firstonce\\routes\\api\\menuController.js' }
[2018-12-25T21:57:10.491] [INFO] http - { method: '/getElementList',
  path: 'C:\\Users\\www22\\Desktop\\project\\firstonce\\routes\\api\\menuController.js' }
[2018-12-25T21:59:15.210] [INFO] http - { method: '/getElementList',
  path: 'C:\\Users\\www22\\Desktop\\project\\firstonce\\routes\\api\\menuController.js' }
[2018-12-25T22:00:18.234] [INFO] http - { method: '/getElementList',
  path: 'C:\\Users\\www22\\Desktop\\project\\firstonce\\routes\\api\\menuController.js' }
[2018-12-25T22:00:20.196] [INFO] http - { method: '/getElementList',
  path: 'C:\\Users\\www22\\Desktop\\project\\firstonce\\routes\\api\\menuController.js' }
[2018-12-25T22:00:22.198] [INFO] http - { method: '/getElementList',
  path: 'C:\\Users\\www22\\Desktop\\project\\firstonce\\routes\\api\\menuController.js' }
[2018-12-25T22:00:23.358] [INFO] http - { method: '/getElementList',
  path: 'C:\\Users\\www22\\Desktop\\project\\firstonce\\routes\\api\\menuController.js' }
[2018-12-25T22:00:25.461] [INFO] http - { method: '/menuAndElement',
  path: 'C:\\Users\\www22\\Desktop\\project\\firstonce\\routes\\api\\menuController.js' }
[2018-12-25T22:00:25.463] [INFO] http - { method: '/menuAndElement',
  path: 'C:\\Users\\www22\\Desktop\\project\\firstonce\\routes\\api\\menuController.js' }
[2018-12-25T22:00:25.543] [INFO] http - { method: '/menuAndElement',
  path: 'C:\\Users\\www22\\Desktop\\project\\firstonce\\routes\\api\\menuController.js' }
[2018-12-25T22:00:25.647] [INFO] http - { method: '/menusTree',
  path: 'C:\\Users\\www22\\Desktop\\project\\firstonce\\routes\\api\\menuController.js' }
[2018-12-25T22:00:25.713] [INFO] http - { method: '/getElementList',
  path: 'C:\\Users\\www22\\Desktop\\project\\firstonce\\routes\\api\\menuController.js' }
[2018-12-25T22:00:26.757] [INFO] http - { method: '/getElementList',
  path: 'C:\\Users\\www22\\Desktop\\project\\firstonce\\routes\\api\\menuController.js' }
[2018-12-25T22:00:28.770] [INFO] http - { method: '/getElementList',
  path: 'C:\\Users\\www22\\Desktop\\project\\firstonce\\routes\\api\\menuController.js' }
[2018-12-25T22:00:30.338] [INFO] http - { method: '/getElementList',
  path: 'C:\\Users\\www22\\Desktop\\project\\firstonce\\routes\\api\\menuController.js' }
[2018-12-25T22:00:32.426] [INFO] http - { method: '/getElementList',
  path: 'C:\\Users\\www22\\Desktop\\project\\firstonce\\routes\\api\\menuController.js' }
[2018-12-25T22:00:33.891] [INFO] http - { method: '/getElementList',
  path: 'C:\\Users\\www22\\Desktop\\project\\firstonce\\routes\\api\\menuController.js' }
[2018-12-25T22:01:49.029] [INFO] http - { method: '/getElementList',
  path: 'C:\\Users\\www22\\Desktop\\project\\firstonce\\routes\\api\\menuController.js' }
[2018-12-25T22:02:12.019] [INFO] http - { method: '/getElementList',
  path: 'C:\\Users\\www22\\Desktop\\project\\firstonce\\routes\\api\\menuController.js' }
[2018-12-25T22:02:28.458] [INFO] http - { method: '/menuAndElement',
  path: 'C:\\Users\\www22\\Desktop\\project\\firstonce\\routes\\api\\menuController.js' }
[2018-12-25T22:02:28.459] [INFO] http - { method: '/menuAndElement',
  path: 'C:\\Users\\www22\\Desktop\\project\\firstonce\\routes\\api\\menuController.js' }
[2018-12-25T22:02:28.537] [INFO] http - { method: '/menuAndElement',
  path: 'C:\\Users\\www22\\Desktop\\project\\firstonce\\routes\\api\\menuController.js' }
[2018-12-25T22:02:28.639] [INFO] http - { method: '/menusTree',
  path: 'C:\\Users\\www22\\Desktop\\project\\firstonce\\routes\\api\\menuController.js' }
[2018-12-25T22:02:28.706] [INFO] http - { method: '/getElementList',
  path: 'C:\\Users\\www22\\Desktop\\project\\firstonce\\routes\\api\\menuController.js' }
[2018-12-25T22:02:30.488] [INFO] http - { method: '/getElementList',
  path: 'C:\\Users\\www22\\Desktop\\project\\firstonce\\routes\\api\\menuController.js' }
[2018-12-25T22:02:35.264] [INFO] http - { method: '/getElementList',
  path: 'C:\\Users\\www22\\Desktop\\project\\firstonce\\routes\\api\\menuController.js' }
[2018-12-25T22:02:49.083] [INFO] http - { method: '/addElement',
  path: 'C:\\Users\\www22\\Desktop\\project\\firstonce\\routes\\api\\menuController.js' }
[2018-12-25T22:02:49.105] [INFO] http - { method: '/getElementList',
  path: 'C:\\Users\\www22\\Desktop\\project\\firstonce\\routes\\api\\menuController.js' }
[2018-12-25T22:05:09.989] [INFO] http - { method: '/addElement',
  path: 'C:\\Users\\www22\\Desktop\\project\\firstonce\\routes\\api\\menuController.js' }
[2018-12-25T22:05:10.013] [INFO] http - { method: '/getElementList',
  path: 'C:\\Users\\www22\\Desktop\\project\\firstonce\\routes\\api\\menuController.js' }
[2018-12-25T22:07:07.098] [INFO] http - { method: '/addElement',
  path: 'C:\\Users\\www22\\Desktop\\project\\firstonce\\routes\\api\\menuController.js' }
[2018-12-25T22:07:10.027] [INFO] http - { method: '/addElement',
  path: 'C:\\Users\\www22\\Desktop\\project\\firstonce\\routes\\api\\menuController.js' }
[2018-12-25T22:09:07.137] [INFO] http - { method: '/getElementList',
  path: 'C:\\Users\\www22\\Desktop\\project\\firstonce\\routes\\api\\menuController.js' }
[2018-12-25T22:09:10.074] [INFO] http - { method: '/getElementList',
  path: 'C:\\Users\\www22\\Desktop\\project\\firstonce\\routes\\api\\menuController.js' }
[2018-12-25T22:09:27.666] [INFO] http - { method: '/addElement',
  path: 'C:\\Users\\www22\\Desktop\\project\\firstonce\\routes\\api\\menuController.js' }
[2018-12-25T22:09:27.891] [INFO] http - { method: '/getElementList',
  path: 'C:\\Users\\www22\\Desktop\\project\\firstonce\\routes\\api\\menuController.js' }
[2018-12-25T22:09:31.904] [INFO] http - { method: '/deleteElement',
  path: 'C:\\Users\\www22\\Desktop\\project\\firstonce\\routes\\api\\menuController.js' }
[2018-12-25T22:09:41.403] [INFO] http - { method: '/addElement',
  path: 'C:\\Users\\www22\\Desktop\\project\\firstonce\\routes\\api\\menuController.js' }
[2018-12-25T22:09:41.588] [INFO] http - { method: '/getElementList',
  path: 'C:\\Users\\www22\\Desktop\\project\\firstonce\\routes\\api\\menuController.js' }
[2018-12-25T22:09:43.135] [INFO] http - { method: '/getElementInfo',
  path: 'C:\\Users\\www22\\Desktop\\project\\firstonce\\routes\\api\\menuController.js' }
[2018-12-25T23:26:05.793] [INFO] http - { method: '/getElementList',
  path: 'C:\\Users\\www22\\Desktop\\project\\firstonce\\routes\\api\\menuController.js' }
[2018-12-25T23:26:18.964] [INFO] http - { method: '/getElementList',
  path: 'C:\\Users\\www22\\Desktop\\project\\firstonce\\routes\\api\\menuController.js' }
[2018-12-25T23:26:29.614] [INFO] http - { method: '/updateElement',
  path: 'C:\\Users\\www22\\Desktop\\project\\firstonce\\routes\\api\\menuController.js' }
[2018-12-25T23:26:41.776] [INFO] http - { method: '/updateElement',
  path: 'C:\\Users\\www22\\Desktop\\project\\firstonce\\routes\\api\\menuController.js' }
[2018-12-25T23:27:39.515] [INFO] http - { method: '/updateElement',
  path: 'C:\\Users\\www22\\Desktop\\project\\firstonce\\routes\\api\\menuController.js' }
[2018-12-25T23:27:47.430] [INFO] http - { method: '/updateElement',
  path: 'C:\\Users\\www22\\Desktop\\project\\firstonce\\routes\\api\\menuController.js' }
[2018-12-25T23:28:29.669] [INFO] http - { method: '/getElementList',
  path: 'C:\\Users\\www22\\Desktop\\project\\firstonce\\routes\\api\\menuController.js' }
[2018-12-25T23:28:33.120] [INFO] http - { method: '/getElementList',
  path: 'C:\\Users\\www22\\Desktop\\project\\firstonce\\routes\\api\\menuController.js' }
[2018-12-25T23:28:41.804] [INFO] http - { method: '/getElementList',
  path: 'C:\\Users\\www22\\Desktop\\project\\firstonce\\routes\\api\\menuController.js' }
[2018-12-25T23:28:51.024] [INFO] http - { method: '/userList',
  path: 'C:\\Users\\www22\\Desktop\\project\\firstonce\\routes\\api\\userController.js' }
[2018-12-25T23:28:55.509] [INFO] http - { method: '/menusTree',
  path: 'C:\\Users\\www22\\Desktop\\project\\firstonce\\routes\\api\\menuController.js' }
[2018-12-25T23:28:55.516] [INFO] http - { method: '/getElementList',
  path: 'C:\\Users\\www22\\Desktop\\project\\firstonce\\routes\\api\\menuController.js' }
[2018-12-25T23:29:02.205] [INFO] http - { method: '/getElementList',
  path: 'C:\\Users\\www22\\Desktop\\project\\firstonce\\routes\\api\\menuController.js' }
[2018-12-25T23:29:06.709] [INFO] http - { method: '/getElementList',
  path: 'C:\\Users\\www22\\Desktop\\project\\firstonce\\routes\\api\\menuController.js' }
[2018-12-25T23:29:15.367] [INFO] http - { method: '/updateElement',
  path: 'C:\\Users\\www22\\Desktop\\project\\firstonce\\routes\\api\\menuController.js' }
[2018-12-25T23:29:28.768] [INFO] http - { method: '/updateElement',
  path: 'C:\\Users\\www22\\Desktop\\project\\firstonce\\routes\\api\\menuController.js' }
[2018-12-25T23:29:39.522] [INFO] http - { method: '/getElementList',
  path: 'C:\\Users\\www22\\Desktop\\project\\firstonce\\routes\\api\\menuController.js' }
[2018-12-25T23:29:47.453] [INFO] http - { method: '/getElementList',
  path: 'C:\\Users\\www22\\Desktop\\project\\firstonce\\routes\\api\\menuController.js' }
[2018-12-25T23:30:47.800] [INFO] http - { method: '/getElementList',
  path: 'C:\\Users\\www22\\Desktop\\project\\firstonce\\routes\\api\\menuController.js' }
[2018-12-25T23:31:07.940] [INFO] http - { method: '/getElementList',
  path: 'C:\\Users\\www22\\Desktop\\project\\firstonce\\routes\\api\\menuController.js' }
[2018-12-25T23:31:12.502] [INFO] http - { method: '/updateElement',
  path: 'C:\\Users\\www22\\Desktop\\project\\firstonce\\routes\\api\\menuController.js' }
[2018-12-25T23:31:15.394] [INFO] http - { method: '/getElementList',
  path: 'C:\\Users\\www22\\Desktop\\project\\firstonce\\routes\\api\\menuController.js' }
[2018-12-25T23:31:28.793] [INFO] http - { method: '/getElementList',
  path: 'C:\\Users\\www22\\Desktop\\project\\firstonce\\routes\\api\\menuController.js' }
[2018-12-25T23:31:44.982] [INFO] http - { method: '/getElementList',
  path: 'C:\\Users\\www22\\Desktop\\project\\firstonce\\routes\\api\\menuController.js' }
[2018-12-25T23:31:49.890] [INFO] http - { method: '/getElementList',
  path: 'C:\\Users\\www22\\Desktop\\project\\firstonce\\routes\\api\\menuController.js' }
[2018-12-25T23:31:52.726] [INFO] http - { method: '/updateElement',
  path: 'C:\\Users\\www22\\Desktop\\project\\firstonce\\routes\\api\\menuController.js' }
[2018-12-25T23:31:59.499] [INFO] http - { method: '/updateElement',
  path: 'C:\\Users\\www22\\Desktop\\project\\firstonce\\routes\\api\\menuController.js' }
[2018-12-25T23:32:12.994] [INFO] http - { method: '/addElement',
  path: 'C:\\Users\\www22\\Desktop\\project\\firstonce\\routes\\api\\menuController.js' }
[2018-12-25T23:32:13.147] [INFO] http - { method: '/getElementList',
  path: 'C:\\Users\\www22\\Desktop\\project\\firstonce\\routes\\api\\menuController.js' }
[2018-12-25T23:32:18.652] [INFO] http - { method: '/updateElement',
  path: 'C:\\Users\\www22\\Desktop\\project\\firstonce\\routes\\api\\menuController.js' }
[2018-12-25T23:32:24.406] [INFO] http - { method: '/updateElement',
  path: 'C:\\Users\\www22\\Desktop\\project\\firstonce\\routes\\api\\menuController.js' }
[2018-12-25T23:33:12.533] [INFO] http - { method: '/getElementList',
  path: 'C:\\Users\\www22\\Desktop\\project\\firstonce\\routes\\api\\menuController.js' }
[2018-12-25T23:33:52.770] [INFO] http - { method: '/getElementList',
  path: 'C:\\Users\\www22\\Desktop\\project\\firstonce\\routes\\api\\menuController.js' }
[2018-12-25T23:33:59.559] [INFO] http - { method: '/getElementList',
  path: 'C:\\Users\\www22\\Desktop\\project\\firstonce\\routes\\api\\menuController.js' }
[2018-12-25T23:34:15.459] [INFO] http - { method: '/getElementList',
  path: 'C:\\Users\\www22\\Desktop\\project\\firstonce\\routes\\api\\menuController.js' }
[2018-12-25T23:34:15.482] [INFO] http - { method: '/getElementList',
  path: 'C:\\Users\\www22\\Desktop\\project\\firstonce\\routes\\api\\menuController.js' }
[2018-12-25T23:34:21.323] [INFO] http - { method: '/updateElement',
  path: 'C:\\Users\\www22\\Desktop\\project\\firstonce\\routes\\api\\menuController.js' }
[2018-12-25T23:34:21.355] [INFO] http - { method: '/getElementList',
  path: 'C:\\Users\\www22\\Desktop\\project\\firstonce\\routes\\api\\menuController.js' }
[2018-12-25T23:35:09.900] [INFO] http - { method: '/getElementList',
  path: 'C:\\Users\\www22\\Desktop\\project\\firstonce\\routes\\api\\menuController.js' }
[2018-12-25T23:35:15.995] [INFO] http - { method: '/getElementList',
  path: 'C:\\Users\\www22\\Desktop\\project\\firstonce\\routes\\api\\menuController.js' }
